1 101 
2 102 
3 103 
4 104 
5 105 
6 106 
7 107 
8 108 
9 109 
10 110 
11 111 
12 112 
13 113 
14 114 
15 115 
16 116 
17 117 
18 118 
19 119 
20 120 
21 121 
22 122 
23 123 
24 124 
25 125 
26 126 
27 127 
28 128 
29 129 
30 130 
31 131 
32 132 
33 133 
34 134 
35 135 
36 136 
37 137 
38 138 
39 139 
40 140 
41 141 
42 142 
43 143 
44 144 
45 145 
46 146 
47 147 
48 148 
49 149 
50 150 
51 151 
52 152 
53 153 
54 154 
55 155 
56 156 
57 157 
58 158 
59 159 
60 160 
61 161 
62 162 
63 163 
64 164 
65 165 
66 166 
67 167 
68 168 
69 169 
70 170 
71 171 
72 172 
73 173 
74 174 
75 175 
76 176 
77 177 
78 178 
79 179 
80 180 
81 181 
82 182 
83 183 
84 184 
85 185 
86 186 
87 187 
88 188 
89 189 
90 190 
91 191 
92 192 
93 193 
94 194 
95 195 
96 196 
97 197 
98 198 
99 199 
100 200 
101 1 151 125 102 
102 2 101 146 104 
103 3 173 195 172 
104 4 102 164 147 
105 5 174 122 169 
106 6 151 150 113 
107 7 113 188 154 
108 8 178 119 171 
109 9 197 195 149 
110 10 115 159 114 
111 11 173 152 181 
112 12 168 133 136 
113 13 177 107 106 
114 14 110 155 152 
115 15 198 157 110 
116 16 143 132 172 
117 17 165 160 178 
118 18 153 129 179 
119 19 150 108 131 
120 20 163 164 194 
121 21 136 199 158 
122 22 175 105 158 
123 23 152 142 141 
124 24 174 147 137 
125 25 127 200 101 
126 26 193 167 166 
127 27 125 180 186 
128 28 149 160 137 
129 29 118 170 187 
130 30 199 163 177 
131 31 164 119 134 
132 32 165 116 176 
133 33 167 186 112 
134 34 194 131 171 
135 35 155 182 190 
136 36 112 178 121 
137 37 128 192 124 
138 38 190 157 181 
139 39 188 142 156 
140 40 171 159 184 
141 41 123 179 145 
142 42 139 182 123 
143 43 176 116 161 
144 44 183 162 174 
145 45 141 170 149 
146 46 102 169 193 
147 47 200 104 124 
148 48 157 195 185 
149 49 145 109 128 
150 50 180 119 106 
151 51 106 101 169 
152 52 111 114 123 
153 53 175 118 155 
154 54 191 196 107 
155 55 153 114 135 
156 56 139 168 176 
157 57 138 115 148 
158 58 198 122 121 
159 59 110 140 183 
160 60 128 117 187 
161 61 173 143 200 
162 62 144 196 192 
163 63 130 189 120 
164 64 120 104 131 
165 65 117 191 132 
166 66 198 197 126 
167 67 126 193 133 
168 68 156 175 112 
169 69 105 151 146 
170 70 129 145 192 
171 71 140 134 108 
172 72 199 103 116 
173 73 103 111 161 
174 74 124 105 144 
175 75 122 168 153 
176 76 132 143 156 
177 77 130 196 113 
178 78 108 136 117 
179 79 118 186 141 
180 80 185 150 127 
181 81 138 111 184 
182 82 183 135 142 
183 83 144 182 159 
184 84 188 181 140 
185 85 148 180 194 
186 86 133 127 179 
187 87 129 189 160 
188 88 139 184 107 
189 89 187 191 163 
190 90 138 197 135 
191 91 154 189 165 
192 92 137 170 162 
193 93 146 167 126 
194 94 120 134 185 
195 95 103 148 109 
196 96 162 154 177 
197 97 166 190 109 
198 98 166 115 158 
199 99 121 172 130 
200 100 161 147 125 
