1 101 
2 102 
3 103 
4 104 
5 105 
6 106 
7 107 
8 108 
9 109 
10 110 
11 111 
12 112 
13 113 
14 114 
15 115 
16 116 
17 117 
18 118 
19 119 
20 120 
21 121 
22 122 
23 123 
24 124 
25 125 
26 126 
27 127 
28 128 
29 129 
30 130 
31 131 
32 132 
33 133 
34 134 
35 135 
36 136 
37 137 
38 138 
39 139 
40 140 
41 141 
42 142 
43 143 
44 144 
45 145 
46 146 
47 147 
48 148 
49 149 
50 150 
51 151 
52 152 
53 153 
54 154 
55 155 
56 156 
57 157 
58 158 
59 159 
60 160 
61 161 
62 162 
63 163 
64 164 
65 165 
66 166 
67 167 
68 168 
69 169 
70 170 
71 171 
72 172 
73 173 
74 174 
75 175 
76 176 
77 177 
78 178 
79 179 
80 180 
81 181 
82 182 
83 183 
84 184 
85 185 
86 186 
87 187 
88 188 
89 189 
90 190 
91 191 
92 192 
93 193 
94 194 
95 195 
96 196 
97 197 
98 198 
99 199 
100 200 
101 1 125 127 184 151 
102 2 177 198 187 144 
103 3 159 173 194 195 
104 4 155 147 118 166 
105 5 153 168 128 179 
106 6 185 161 189 120 
107 7 143 199 181 148 
108 8 171 164 199 119 
109 9 143 129 195 112 
110 10 114 159 115 197 
111 11 180 120 137 156 
112 12 109 187 156 175 
113 13 135 166 120 157 
114 14 198 189 110 190 
115 15 177 110 157 178 
116 16 192 143 187 132 
117 17 129 199 125 141 
118 18 104 153 139 129 
119 19 141 108 196 150 
120 20 139 106 113 111 
121 21 174 149 135 154 
122 22 164 175 141 197 
123 23 176 155 142 141 
124 24 133 183 174 158 
125 25 117 101 175 130 
126 26 200 152 166 161 
127 27 172 101 130 136 
128 28 137 160 149 105 
129 29 118 117 109 169 
130 30 125 177 182 127 
131 31 169 140 199 198 
132 32 154 116 165 169 
133 33 151 124 186 156 
134 34 172 194 153 155 
135 35 172 196 113 121 
136 36 146 151 188 127 
137 37 192 128 111 176 
138 38 181 188 157 156 
139 39 197 120 118 181 
140 40 159 190 131 163 
141 41 122 117 123 119 
142 42 182 123 200 193 
143 43 191 109 107 116 
144 44 102 172 149 183 
145 45 170 150 192 186 
146 46 136 168 193 152 
147 47 200 170 190 104 
148 48 185 107 154 195 
149 49 184 121 144 128 
150 50 180 145 119 188 
151 51 136 133 161 101 
152 52 173 163 126 146 
153 53 134 105 118 173 
154 54 148 132 178 121 
155 55 104 123 134 178 
156 56 112 111 138 133 
157 57 185 138 113 115 
158 58 124 178 160 182 
159 59 184 140 110 103 
160 60 128 181 177 158 
161 61 151 106 167 126 
162 62 167 196 168 169 
163 63 171 189 140 152 
164 64 176 122 108 166 
165 65 132 196 183 175 
166 66 164 104 113 126 
167 67 162 186 193 161 
168 68 162 146 105 191 
169 69 162 131 129 132 
170 70 174 147 186 145 
171 71 108 163 183 176 
172 72 144 127 135 134 
173 73 103 179 152 153 
174 74 124 121 170 193 
175 75 122 165 112 125 
176 76 164 123 137 171 
177 77 115 160 130 102 
178 78 154 158 155 115 
179 79 173 105 191 189 
180 80 200 150 185 111 
181 81 138 160 139 107 
182 82 158 142 198 130 
183 83 165 144 171 124 
184 84 188 149 159 101 
185 85 180 148 157 106 
186 86 133 170 167 145 
187 87 116 195 102 112 
188 88 184 136 138 150 
189 89 163 114 106 179 
190 90 140 147 114 197 
191 91 143 194 179 168 
192 92 145 194 137 116 
193 93 142 174 146 167 
194 94 134 192 191 103 
195 95 187 103 148 109 
196 96 119 135 162 165 
197 97 190 122 139 110 
198 98 114 182 102 131 
199 99 131 107 117 108 
200 100 126 142 180 147 
