1 101 102 
2 101 102 
3 103 104 
4 103 104 
5 105 106 
6 105 106 
7 107 108 
8 107 108 
9 109 110 
10 109 110 
11 111 112 
12 111 112 
13 113 114 
14 113 114 
15 115 116 
16 115 116 
17 117 118 
18 117 118 
19 119 120 
20 119 120 
21 121 122 
22 121 122 
23 123 124 
24 123 124 
25 125 126 
26 125 126 
27 127 128 
28 127 128 
29 129 130 
30 129 130 
31 131 132 
32 131 132 
33 133 134 
34 133 134 
35 135 136 
36 135 136 
37 137 138 
38 137 138 
39 139 140 
40 139 140 
41 141 142 
42 141 142 
43 143 144 
44 143 144 
45 145 146 
46 145 146 
47 147 148 
48 147 148 
49 149 150 
50 149 150 
51 151 152 
52 151 152 
53 153 154 
54 153 154 
55 155 156 
56 155 156 
57 157 158 
58 157 158 
59 159 160 
60 159 160 
61 161 162 
62 161 162 
63 163 164 
64 163 164 
65 165 166 
66 165 166 
67 167 168 
68 167 168 
69 169 170 
70 169 170 
71 171 172 
72 171 172 
73 173 174 
74 173 174 
75 175 176 
76 175 176 
77 177 178 
78 177 178 
79 179 180 
80 179 180 
81 181 182 
82 181 182 
83 183 184 
84 183 184 
85 185 186 
86 185 186 
87 187 188 
88 187 188 
89 189 190 
90 189 190 
91 191 192 
92 191 192 
93 193 194 
94 193 194 
95 195 196 
96 195 196 
97 197 198 
98 197 198 
99 199 200 
100 199 200 
101 1 2 151 125 102 
102 1 2 101 146 104 
103 3 4 173 195 172 
104 3 4 102 164 147 
105 5 6 174 122 169 
106 5 6 151 150 113 
107 7 8 113 188 154 
108 7 8 178 119 171 
109 9 10 197 195 149 
110 9 10 115 159 114 
111 11 12 173 152 181 
112 11 12 168 133 136 
113 13 14 177 107 106 
114 13 14 110 155 152 
115 15 16 198 157 110 
116 15 16 143 132 172 
117 17 18 165 160 178 
118 17 18 153 129 179 
119 19 20 150 108 131 
120 19 20 163 164 194 
121 21 22 136 199 158 
122 21 22 175 105 158 
123 23 24 152 142 141 
124 23 24 174 147 137 
125 25 26 127 200 101 
126 25 26 193 167 166 
127 27 28 125 180 186 
128 27 28 149 160 137 
129 29 30 118 170 187 
130 29 30 199 163 177 
131 31 32 164 119 134 
132 31 32 165 116 176 
133 33 34 167 186 112 
134 33 34 194 131 171 
135 35 36 155 182 190 
136 35 36 112 178 121 
137 37 38 128 192 124 
138 37 38 190 157 181 
139 39 40 188 142 156 
140 39 40 171 159 184 
141 41 42 123 179 145 
142 41 42 139 182 123 
143 43 44 176 116 161 
144 43 44 183 162 174 
145 45 46 141 170 149 
146 45 46 102 169 193 
147 47 48 200 104 124 
148 47 48 157 195 185 
149 49 50 145 109 128 
150 49 50 180 119 106 
151 51 52 106 101 169 
152 51 52 111 114 123 
153 53 54 175 118 155 
154 53 54 191 196 107 
155 55 56 153 114 135 
156 55 56 139 168 176 
157 57 58 138 115 148 
158 57 58 198 122 121 
159 59 60 110 140 183 
160 59 60 128 117 187 
161 61 62 173 143 200 
162 61 62 144 196 192 
163 63 64 130 189 120 
164 63 64 120 104 131 
165 65 66 117 191 132 
166 65 66 198 197 126 
167 67 68 126 193 133 
168 67 68 156 175 112 
169 69 70 105 151 146 
170 69 70 129 145 192 
171 71 72 140 134 108 
172 71 72 199 103 116 
173 73 74 103 111 161 
174 73 74 124 105 144 
175 75 76 122 168 153 
176 75 76 132 143 156 
177 77 78 130 196 113 
178 77 78 108 136 117 
179 79 80 118 186 141 
180 79 80 185 150 127 
181 81 82 138 111 184 
182 81 82 183 135 142 
183 83 84 144 182 159 
184 83 84 188 181 140 
185 85 86 148 180 194 
186 85 86 133 127 179 
187 87 88 129 189 160 
188 87 88 139 184 107 
189 89 90 187 191 163 
190 89 90 138 197 135 
191 91 92 154 189 165 
192 91 92 137 170 162 
193 93 94 146 167 126 
194 93 94 120 134 185 
195 95 96 103 148 109 
196 95 96 162 154 177 
197 97 98 166 190 109 
198 97 98 166 115 158 
199 99 100 121 172 130 
200 99 100 161 147 125 
