1 51 52 
2 53 54 
3 55 56 
4 57 58 
5 59 60 
6 61 62 
7 63 64 
8 65 66 
9 67 68 
10 69 70 
11 71 72 
12 73 74 
13 75 76 
14 77 78 
15 79 80 
16 81 82 
17 83 84 
18 85 86 
19 87 88 
20 89 90 
21 91 92 
22 93 94 
23 95 96 
24 97 98 
25 99 100 
26 101 102 
27 103 104 
28 105 106 
29 107 108 
30 109 110 
31 111 112 
32 113 114 
33 115 116 
34 117 118 
35 119 120 
36 121 122 
37 123 124 
38 125 126 
39 127 128 
40 129 130 
41 131 132 
42 133 134 
43 135 136 
44 137 138 
45 139 140 
46 141 142 
47 143 144 
48 145 146 
49 147 148 
50 149 150 
51 1 101 75 52 
52 1 51 96 54 
53 2 123 145 122 
54 2 52 114 97 
55 3 124 72 119 
56 3 101 100 63 
57 4 63 138 104 
58 4 128 69 121 
59 5 147 145 99 
60 5 65 109 64 
61 6 123 102 131 
62 6 118 83 86 
63 7 127 57 56 
64 7 60 105 102 
65 8 148 107 60 
66 8 93 82 122 
67 9 115 110 128 
68 9 103 79 129 
69 10 100 58 81 
70 10 113 114 144 
71 11 86 149 108 
72 11 125 55 108 
73 12 102 92 91 
74 12 124 97 87 
75 13 77 150 51 
76 13 143 117 116 
77 14 75 130 136 
78 14 99 110 87 
79 15 68 120 137 
80 15 149 113 127 
81 16 114 69 84 
82 16 115 66 126 
83 17 117 136 62 
84 17 144 81 121 
85 18 105 132 140 
86 18 62 128 71 
87 19 78 142 74 
88 19 140 107 131 
89 20 138 92 106 
90 20 121 109 134 
91 21 73 129 95 
92 21 89 132 73 
93 22 126 66 111 
94 22 133 112 124 
95 23 91 120 99 
96 23 52 119 143 
97 24 150 54 74 
98 24 107 145 135 
99 25 95 59 78 
100 25 130 69 56 
101 26 56 51 119 
102 26 61 64 73 
103 27 125 68 105 
104 27 141 146 57 
105 28 103 64 85 
106 28 89 118 126 
107 29 88 65 98 
108 29 148 72 71 
109 30 60 90 133 
110 30 78 67 137 
111 31 123 93 150 
112 31 94 146 142 
113 32 80 139 70 
114 32 70 54 81 
115 33 67 141 82 
116 33 148 147 76 
117 34 76 143 83 
118 34 106 125 62 
119 35 55 101 96 
120 35 79 95 142 
121 36 90 84 58 
122 36 149 53 66 
123 37 53 61 111 
124 37 74 55 94 
125 38 72 118 103 
126 38 82 93 106 
127 39 80 146 63 
128 39 58 86 67 
129 40 68 136 91 
130 40 135 100 77 
131 41 88 61 134 
132 41 133 85 92 
133 42 94 132 109 
134 42 138 131 90 
135 43 98 130 144 
136 43 83 77 129 
137 44 79 139 110 
138 44 89 134 57 
139 45 137 141 113 
140 45 88 147 85 
141 46 104 139 115 
142 46 87 120 112 
143 47 96 117 76 
144 47 70 84 135 
145 48 53 98 59 
146 48 112 104 127 
147 49 116 140 59 
148 49 116 65 108 
149 50 71 122 80 
150 50 111 97 75 
