1 101 
2 102 
3 103 
4 104 
5 105 
6 106 
7 107 
8 108 
9 109 
10 110 
11 111 
12 112 
13 113 
14 114 
15 115 
16 116 
17 117 
18 118 
19 119 
20 120 
21 121 
22 122 
23 123 
24 124 
25 125 
26 126 
27 127 
28 128 
29 129 
30 130 
31 131 
32 132 
33 133 
34 134 
35 135 
36 136 
37 137 
38 138 
39 139 
40 140 
41 141 
42 142 
43 143 
44 144 
45 145 
46 146 
47 147 
48 148 
49 149 
50 150 
51 151 
52 152 
53 153 
54 154 
55 155 
56 156 
57 157 
58 158 
59 159 
60 160 
61 161 
62 162 
63 163 
64 164 
65 165 
66 166 
67 167 
68 168 
69 169 
70 170 
71 171 
72 172 
73 173 
74 174 
75 175 
76 176 
77 177 
78 178 
79 179 
80 180 
81 181 
82 182 
83 183 
84 184 
85 185 
86 186 
87 187 
88 188 
89 189 
90 190 
91 191 
92 192 
93 193 
94 194 
95 195 
96 196 
97 197 
98 198 
99 199 
100 200 
101 1 116 129 128 153 174 
102 2 196 187 173 146 200 
103 3 193 152 130 154 148 
104 4 119 150 130 118 120 
105 5 169 127 143 131 162 
106 6 135 131 188 133 186 
107 7 144 129 185 157 128 
108 8 121 136 119 178 171 
109 9 112 128 197 195 182 
110 10 165 112 156 115 197 
111 11 184 114 161 181 164 
112 12 109 162 110 175 119 
113 13 148 144 185 157 126 
114 14 155 111 116 168 197 
115 15 110 164 177 126 167 
116 16 114 101 186 123 132 
117 17 120 163 191 134 147 
118 18 153 166 158 104 139 
119 19 108 122 112 182 104 
120 20 178 144 117 142 104 
121 21 136 108 169 199 149 
122 22 167 175 164 126 119 
123 23 141 171 152 199 116 
124 24 132 159 147 174 187 
125 25 168 171 195 192 181 
126 26 115 157 195 113 122 
127 27 130 193 194 160 105 
128 28 159 107 172 109 101 
129 29 131 107 137 101 147 
130 30 104 177 131 127 103 
131 31 130 129 158 105 106 
132 32 173 141 158 116 124 
133 33 106 151 200 183 187 
134 34 149 164 175 194 117 
135 35 106 151 190 154 172 
136 36 144 108 121 146 179 
137 37 157 170 155 186 129 
138 38 200 165 156 190 189 
139 39 155 142 118 191 156 
140 40 159 196 142 163 178 
141 41 123 198 145 163 132 
142 42 197 120 139 166 140 
143 43 105 166 152 182 169 
144 44 180 113 136 107 120 
145 45 179 141 186 153 169 
146 46 152 153 102 136 193 
147 47 124 150 129 190 117 
148 48 187 113 103 195 150 
149 49 134 172 176 156 121 
150 50 200 148 104 180 147 
151 51 161 154 133 162 135 
152 52 146 143 196 123 103 
153 53 101 118 175 146 145 
154 54 181 166 151 135 103 
155 55 199 137 185 139 114 
156 56 149 176 138 110 139 
157 57 107 113 137 126 170 
158 58 131 132 160 191 118 
159 59 140 128 124 167 174 
160 60 127 189 177 158 174 
161 61 170 192 111 151 183 
162 62 165 151 112 105 192 
163 63 189 117 140 182 141 
164 64 134 115 111 176 122 
165 65 192 110 138 191 162 
166 66 154 143 118 142 197 
167 67 185 115 190 159 122 
168 68 181 114 125 196 175 
169 69 184 105 143 145 121 
170 70 192 137 161 157 173 
171 71 125 183 177 123 108 
172 72 149 135 199 128 180 
173 73 179 132 170 102 183 
174 74 188 124 159 101 160 
175 75 112 134 153 168 122 
176 76 183 149 156 164 181 
177 77 115 160 171 190 130 
178 78 186 108 193 140 120 
179 79 136 145 189 173 180 
180 80 185 144 179 172 150 
181 81 176 154 111 168 125 
182 82 109 119 143 198 163 
183 83 176 171 133 173 161 
184 84 193 169 198 188 111 
185 85 113 180 155 107 167 
186 86 145 106 116 178 137 
187 87 102 133 148 195 124 
188 88 199 174 106 194 184 
189 89 160 179 138 191 163 
190 90 147 167 135 177 138 
191 91 139 189 117 158 165 
192 92 161 170 162 125 165 
193 93 184 146 127 103 178 
194 94 134 196 188 198 127 
195 95 125 187 148 126 109 
196 96 102 168 140 152 194 
197 97 110 109 166 142 114 
198 98 184 194 200 182 141 
199 99 188 172 121 123 155 
200 100 198 102 133 150 138 
