1 801 
2 801 
3 801 
4 801 
5 801 
6 801 
7 801 
8 801 
9 802 
10 802 
11 802 
12 802 
13 802 
14 802 
15 802 
16 802 
17 803 
18 803 
19 803 
20 803 
21 803 
22 803 
23 803 
24 803 
25 804 
26 804 
27 804 
28 804 
29 804 
30 804 
31 804 
32 804 
33 805 
34 805 
35 805 
36 805 
37 805 
38 805 
39 805 
40 805 
41 806 
42 806 
43 806 
44 806 
45 806 
46 806 
47 806 
48 806 
49 807 
50 807 
51 807 
52 807 
53 807 
54 807 
55 807 
56 807 
57 808 
58 808 
59 808 
60 808 
61 808 
62 808 
63 808 
64 808 
65 809 
66 809 
67 809 
68 809 
69 809 
70 809 
71 809 
72 809 
73 810 
74 810 
75 810 
76 810 
77 810 
78 810 
79 810 
80 810 
81 811 
82 811 
83 811 
84 811 
85 811 
86 811 
87 811 
88 811 
89 812 
90 812 
91 812 
92 812 
93 812 
94 812 
95 812 
96 812 
97 813 
98 813 
99 813 
100 813 
101 813 
102 813 
103 813 
104 813 
105 814 
106 814 
107 814 
108 814 
109 814 
110 814 
111 814 
112 814 
113 815 
114 815 
115 815 
116 815 
117 815 
118 815 
119 815 
120 815 
121 816 
122 816 
123 816 
124 816 
125 816 
126 816 
127 816 
128 816 
129 817 
130 817 
131 817 
132 817 
133 817 
134 817 
135 817 
136 817 
137 818 
138 818 
139 818 
140 818 
141 818 
142 818 
143 818 
144 818 
145 819 
146 819 
147 819 
148 819 
149 819 
150 819 
151 819 
152 819 
153 820 
154 820 
155 820 
156 820 
157 820 
158 820 
159 820 
160 820 
161 821 
162 821 
163 821 
164 821 
165 821 
166 821 
167 821 
168 821 
169 822 
170 822 
171 822 
172 822 
173 822 
174 822 
175 822 
176 822 
177 823 
178 823 
179 823 
180 823 
181 823 
182 823 
183 823 
184 823 
185 824 
186 824 
187 824 
188 824 
189 824 
190 824 
191 824 
192 824 
193 825 
194 825 
195 825 
196 825 
197 825 
198 825 
199 825 
200 825 
201 826 
202 826 
203 826 
204 826 
205 826 
206 826 
207 826 
208 826 
209 827 
210 827 
211 827 
212 827 
213 827 
214 827 
215 827 
216 827 
217 828 
218 828 
219 828 
220 828 
221 828 
222 828 
223 828 
224 828 
225 829 
226 829 
227 829 
228 829 
229 829 
230 829 
231 829 
232 829 
233 830 
234 830 
235 830 
236 830 
237 830 
238 830 
239 830 
240 830 
241 831 
242 831 
243 831 
244 831 
245 831 
246 831 
247 831 
248 831 
249 832 
250 832 
251 832 
252 832 
253 832 
254 832 
255 832 
256 832 
257 833 
258 833 
259 833 
260 833 
261 833 
262 833 
263 833 
264 833 
265 834 
266 834 
267 834 
268 834 
269 834 
270 834 
271 834 
272 834 
273 835 
274 835 
275 835 
276 835 
277 835 
278 835 
279 835 
280 835 
281 836 
282 836 
283 836 
284 836 
285 836 
286 836 
287 836 
288 836 
289 837 
290 837 
291 837 
292 837 
293 837 
294 837 
295 837 
296 837 
297 838 
298 838 
299 838 
300 838 
301 838 
302 838 
303 838 
304 838 
305 839 
306 839 
307 839 
308 839 
309 839 
310 839 
311 839 
312 839 
313 840 
314 840 
315 840 
316 840 
317 840 
318 840 
319 840 
320 840 
321 841 
322 841 
323 841 
324 841 
325 841 
326 841 
327 841 
328 841 
329 842 
330 842 
331 842 
332 842 
333 842 
334 842 
335 842 
336 842 
337 843 
338 843 
339 843 
340 843 
341 843 
342 843 
343 843 
344 843 
345 844 
346 844 
347 844 
348 844 
349 844 
350 844 
351 844 
352 844 
353 845 
354 845 
355 845 
356 845 
357 845 
358 845 
359 845 
360 845 
361 846 
362 846 
363 846 
364 846 
365 846 
366 846 
367 846 
368 846 
369 847 
370 847 
371 847 
372 847 
373 847 
374 847 
375 847 
376 847 
377 848 
378 848 
379 848 
380 848 
381 848 
382 848 
383 848 
384 848 
385 849 
386 849 
387 849 
388 849 
389 849 
390 849 
391 849 
392 849 
393 850 
394 850 
395 850 
396 850 
397 850 
398 850 
399 850 
400 850 
401 851 
402 851 
403 851 
404 851 
405 851 
406 851 
407 851 
408 851 
409 852 
410 852 
411 852 
412 852 
413 852 
414 852 
415 852 
416 852 
417 853 
418 853 
419 853 
420 853 
421 853 
422 853 
423 853 
424 853 
425 854 
426 854 
427 854 
428 854 
429 854 
430 854 
431 854 
432 854 
433 855 
434 855 
435 855 
436 855 
437 855 
438 855 
439 855 
440 855 
441 856 
442 856 
443 856 
444 856 
445 856 
446 856 
447 856 
448 856 
449 857 
450 857 
451 857 
452 857 
453 857 
454 857 
455 857 
456 857 
457 858 
458 858 
459 858 
460 858 
461 858 
462 858 
463 858 
464 858 
465 859 
466 859 
467 859 
468 859 
469 859 
470 859 
471 859 
472 859 
473 860 
474 860 
475 860 
476 860 
477 860 
478 860 
479 860 
480 860 
481 861 
482 861 
483 861 
484 861 
485 861 
486 861 
487 861 
488 861 
489 862 
490 862 
491 862 
492 862 
493 862 
494 862 
495 862 
496 862 
497 863 
498 863 
499 863 
500 863 
501 863 
502 863 
503 863 
504 863 
505 864 
506 864 
507 864 
508 864 
509 864 
510 864 
511 864 
512 864 
513 865 
514 865 
515 865 
516 865 
517 865 
518 865 
519 865 
520 865 
521 866 
522 866 
523 866 
524 866 
525 866 
526 866 
527 866 
528 866 
529 867 
530 867 
531 867 
532 867 
533 867 
534 867 
535 867 
536 867 
537 868 
538 868 
539 868 
540 868 
541 868 
542 868 
543 868 
544 868 
545 869 
546 869 
547 869 
548 869 
549 869 
550 869 
551 869 
552 869 
553 870 
554 870 
555 870 
556 870 
557 870 
558 870 
559 870 
560 870 
561 871 
562 871 
563 871 
564 871 
565 871 
566 871 
567 871 
568 871 
569 872 
570 872 
571 872 
572 872 
573 872 
574 872 
575 872 
576 872 
577 873 
578 873 
579 873 
580 873 
581 873 
582 873 
583 873 
584 873 
585 874 
586 874 
587 874 
588 874 
589 874 
590 874 
591 874 
592 874 
593 875 
594 875 
595 875 
596 875 
597 875 
598 875 
599 875 
600 875 
601 876 
602 876 
603 876 
604 876 
605 876 
606 876 
607 876 
608 876 
609 877 
610 877 
611 877 
612 877 
613 877 
614 877 
615 877 
616 877 
617 878 
618 878 
619 878 
620 878 
621 878 
622 878 
623 878 
624 878 
625 879 
626 879 
627 879 
628 879 
629 879 
630 879 
631 879 
632 879 
633 880 
634 880 
635 880 
636 880 
637 880 
638 880 
639 880 
640 880 
641 881 
642 881 
643 881 
644 881 
645 881 
646 881 
647 881 
648 881 
649 882 
650 882 
651 882 
652 882 
653 882 
654 882 
655 882 
656 882 
657 883 
658 883 
659 883 
660 883 
661 883 
662 883 
663 883 
664 883 
665 884 
666 884 
667 884 
668 884 
669 884 
670 884 
671 884 
672 884 
673 885 
674 885 
675 885 
676 885 
677 885 
678 885 
679 885 
680 885 
681 886 
682 886 
683 886 
684 886 
685 886 
686 886 
687 886 
688 886 
689 887 
690 887 
691 887 
692 887 
693 887 
694 887 
695 887 
696 887 
697 888 
698 888 
699 888 
700 888 
701 888 
702 888 
703 888 
704 888 
705 889 
706 889 
707 889 
708 889 
709 889 
710 889 
711 889 
712 889 
713 890 
714 890 
715 890 
716 890 
717 890 
718 890 
719 890 
720 890 
721 891 
722 891 
723 891 
724 891 
725 891 
726 891 
727 891 
728 891 
729 892 
730 892 
731 892 
732 892 
733 892 
734 892 
735 892 
736 892 
737 893 
738 893 
739 893 
740 893 
741 893 
742 893 
743 893 
744 893 
745 894 
746 894 
747 894 
748 894 
749 894 
750 894 
751 894 
752 894 
753 895 
754 895 
755 895 
756 895 
757 895 
758 895 
759 895 
760 895 
761 896 
762 896 
763 896 
764 896 
765 896 
766 896 
767 896 
768 896 
769 897 
770 897 
771 897 
772 897 
773 897 
774 897 
775 897 
776 897 
777 898 
778 898 
779 898 
780 898 
781 898 
782 898 
783 898 
784 898 
785 899 
786 899 
787 899 
788 899 
789 899 
790 899 
791 899 
792 899 
793 900 
794 900 
795 900 
796 900 
797 900 
798 900 
799 900 
800 900 
801 1 2 3 4 5 6 7 8 820 806 829 896 884 883 837 807 873 802 893 811 828 860 864 830 
802 9 10 11 12 13 14 15 16 896 862 804 871 892 827 851 812 835 846 834 894 875 801 807 860 
803 17 18 19 20 21 22 23 24 887 831 820 884 835 880 865 848 885 830 870 877 805 860 845 872 
804 25 26 27 28 29 30 31 32 808 826 835 877 819 870 855 810 879 867 802 847 806 812 850 822 
805 33 34 35 36 37 38 39 40 900 886 881 865 877 835 869 829 803 827 834 822 868 898 887 884 
806 41 42 43 44 45 46 47 48 849 804 809 895 862 889 888 834 893 854 879 814 831 801 813 899 
807 49 50 51 52 53 54 55 56 863 827 828 801 854 892 885 881 888 802 847 852 891 843 851 896 
808 57 58 59 60 61 62 63 64 827 822 817 868 810 870 878 851 823 804 820 863 873 882 888 819 
809 65 66 67 68 69 70 71 72 891 886 895 834 806 853 873 846 817 882 879 849 811 842 867 897 
810 73 74 75 76 77 78 79 80 897 804 889 843 857 887 825 885 874 808 831 862 826 814 815 855 
811 81 82 83 84 85 86 87 88 873 863 834 824 852 897 838 801 809 882 813 843 820 900 851 848 
812 89 90 91 92 93 94 95 96 804 836 882 873 868 828 823 872 833 831 819 881 802 837 842 869 
813 97 98 99 100 101 102 103 104 881 866 811 835 832 839 872 845 896 875 868 806 840 879 892 830 
814 105 106 107 108 109 110 111 112 832 824 848 850 890 810 892 825 806 873 846 875 839 900 891 885 
815 113 114 115 116 117 118 119 120 874 854 851 877 897 850 818 852 886 810 856 878 883 900 864 873 
816 121 122 123 124 125 126 127 128 872 856 864 855 878 890 849 884 832 859 820 882 860 839 899 895 
817 129 130 131 132 133 134 135 136 809 885 826 865 855 897 891 847 882 836 888 819 879 808 860 845 
818 137 138 139 140 141 142 143 144 853 846 879 892 850 866 859 815 841 852 856 861 872 839 825 896 
819 145 146 147 148 149 150 151 152 886 843 817 882 869 847 812 804 865 808 850 862 828 832 890 840 
820 153 154 155 156 157 158 159 160 891 803 840 849 880 844 811 816 890 801 808 839 832 842 884 883 
821 161 162 163 164 165 166 167 168 879 832 837 848 882 849 876 883 886 830 893 863 827 841 843 836 
822 169 170 171 172 173 174 175 176 865 805 846 845 826 890 869 840 804 875 808 897 880 831 870 833 
823 177 178 179 180 181 182 183 184 856 825 808 874 884 812 852 855 830 885 841 833 873 858 831 867 
824 185 186 187 188 189 190 191 192 878 849 891 833 832 890 856 831 887 842 882 811 814 845 874 895 
825 193 194 195 196 197 198 199 200 818 823 829 814 856 871 889 827 894 884 895 836 837 878 810 863 
826 201 202 203 204 205 206 207 208 872 900 841 886 896 822 867 874 893 810 871 817 804 879 853 888 
827 209 210 211 212 213 214 215 216 894 841 825 871 882 821 807 853 802 865 829 860 805 828 808 878 
828 217 218 219 220 221 222 223 224 896 872 812 887 829 833 831 801 827 870 888 819 861 837 850 807 
829 225 226 227 228 229 230 231 232 828 867 875 850 827 871 856 801 898 863 836 881 870 805 825 839 
830 233 234 235 236 237 238 239 240 887 835 844 821 813 801 889 863 803 871 858 869 856 877 823 882 
831 241 242 243 244 245 246 247 248 822 812 806 843 891 879 860 858 834 803 810 823 900 828 841 824 
832 249 250 251 252 253 254 255 256 858 821 819 824 847 820 883 890 814 835 880 886 816 857 813 867 
833 257 258 259 260 261 262 263 264 862 886 838 867 891 822 812 893 851 828 900 824 877 839 840 823 
834 265 266 267 268 269 270 271 272 831 898 900 866 805 889 809 887 806 894 802 857 852 811 892 842 
835 273 274 275 276 277 278 279 280 803 832 883 860 855 840 878 863 830 802 874 875 813 805 804 873 
836 281 282 283 284 285 286 287 288 868 847 845 817 881 870 812 863 865 900 899 825 862 837 821 829 
837 289 290 291 292 293 294 295 296 851 881 879 867 863 821 825 812 849 836 883 886 828 862 801 871 
838 297 298 299 300 301 302 303 304 887 833 858 868 811 856 861 839 848 875 844 849 899 889 890 894 
839 305 306 307 308 309 310 311 312 820 890 833 813 899 814 818 885 848 843 829 816 887 854 841 838 
840 313 314 315 316 317 318 319 320 890 820 813 892 859 887 896 833 894 835 822 841 857 898 872 819 
841 321 322 323 324 325 326 327 328 865 839 877 861 840 857 818 862 823 898 831 878 827 847 826 821 
842 329 330 331 332 333 334 335 336 880 852 847 860 809 870 834 885 888 850 848 820 812 865 857 824 
843 337 338 339 340 341 342 343 344 885 876 811 831 898 880 810 863 821 882 845 869 819 839 866 807 
844 345 346 347 348 349 350 351 352 830 865 861 889 846 875 899 852 820 856 880 849 878 838 892 848 
845 353 354 355 356 357 358 359 360 822 836 813 865 855 824 888 876 849 843 817 803 893 875 852 857 
846 361 362 363 364 365 366 367 368 814 864 818 871 855 868 851 876 844 858 881 822 802 852 895 809 
847 369 370 371 372 373 374 375 376 842 836 807 894 804 869 819 850 881 832 871 817 859 898 876 841 
848 377 378 379 380 381 382 383 384 894 855 811 895 839 844 881 842 869 803 854 814 878 850 838 821 
849 385 386 387 388 389 390 391 392 852 838 857 824 820 809 874 868 884 837 898 816 806 845 844 821 
850 393 394 395 396 397 398 399 400 872 853 818 847 819 842 899 804 829 848 828 814 880 815 855 888 
851 401 402 403 404 405 406 407 408 815 808 878 872 854 833 896 811 855 893 846 899 802 837 866 807 
852 409 410 411 412 413 414 415 416 842 834 890 893 899 823 853 846 845 849 811 844 895 818 815 807 
853 417 418 419 420 421 422 423 424 827 852 864 850 889 891 869 809 857 883 826 872 900 882 818 858 
854 425 426 427 428 429 430 431 432 863 806 870 839 878 856 851 807 815 866 876 897 848 889 860 900 
855 433 434 435 436 437 438 439 440 867 846 848 817 845 823 835 851 878 892 850 804 810 869 887 816 
856 441 442 443 444 445 446 447 448 815 844 829 825 878 862 816 823 830 854 818 838 887 824 892 876 
857 449 450 451 452 453 454 455 456 886 842 841 885 832 895 834 897 810 893 840 845 870 849 883 853 
858 457 458 459 460 461 462 463 464 888 871 846 898 830 893 831 886 860 891 853 823 838 865 874 832 
859 465 466 467 468 469 470 471 472 847 866 870 816 891 840 884 881 897 880 867 898 869 860 883 818 
860 473 474 475 476 477 478 479 480 817 827 859 835 802 842 889 816 876 801 858 803 874 831 854 881 
861 481 482 483 484 485 486 487 488 888 844 818 868 875 881 867 841 864 838 877 869 880 890 828 900 
862 489 490 491 492 493 494 495 496 810 885 882 883 833 802 892 887 841 856 806 895 837 886 836 819 
863 497 498 499 500 501 502 503 504 897 854 836 843 837 825 808 829 807 811 835 882 896 868 830 821 
864 505 506 507 508 509 510 511 512 801 895 884 875 882 815 874 846 883 816 876 853 879 861 877 900 
865 513 514 515 516 517 518 519 520 841 827 805 879 842 817 803 891 858 845 836 844 886 819 885 822 
866 521 522 523 524 525 526 527 528 898 877 854 818 834 870 843 874 881 897 813 892 859 871 851 889 
867 529 530 531 532 533 534 535 536 880 888 833 861 837 809 893 855 897 859 823 804 832 826 896 829 
868 537 538 539 540 541 542 543 544 885 861 875 805 812 808 878 849 813 836 838 881 846 877 863 891 
869 545 546 547 548 549 550 551 552 848 853 819 884 873 855 859 830 875 847 843 812 805 898 861 822 
870 553 554 555 556 557 558 559 560 866 828 829 857 822 842 859 804 892 803 854 808 889 836 890 888 
871 561 562 563 564 565 566 567 568 866 879 883 898 876 847 886 846 837 829 826 827 825 858 830 802 
872 569 570 571 572 573 574 575 576 879 851 895 816 828 875 887 826 812 818 803 840 853 880 850 813 
873 577 578 579 580 581 582 583 584 812 892 811 896 814 889 895 897 808 869 823 801 809 886 815 835 
874 585 586 587 588 589 590 591 592 889 880 884 860 824 835 815 864 888 866 823 849 826 858 890 810 
875 593 594 595 596 597 598 599 600 845 838 802 879 822 861 869 814 813 883 864 835 868 829 872 844 
876 601 602 603 604 605 606 607 608 847 892 871 846 856 900 891 821 887 864 845 899 843 894 860 854 
877 609 610 611 612 613 614 615 616 866 896 884 803 833 861 887 864 868 880 830 815 805 804 899 841 
878 617 618 619 620 621 622 623 624 854 824 808 844 868 856 816 827 893 825 855 835 851 848 841 815 
879 625 626 627 628 629 630 631 632 809 804 818 895 871 806 817 831 821 813 872 826 864 837 865 875 
880 633 634 635 636 637 638 639 640 842 820 843 861 844 877 888 867 822 850 803 892 874 872 859 832 
881 641 642 643 644 645 646 647 648 812 866 805 807 859 868 893 836 848 861 829 860 846 837 813 847 
882 649 650 651 652 653 654 655 656 843 808 827 862 853 811 819 863 816 809 821 812 864 830 824 817 
883 657 658 659 660 661 662 663 664 832 859 820 815 801 895 835 871 862 864 857 853 821 837 884 875 
884 665 666 667 668 669 670 671 672 816 883 869 801 874 825 898 803 849 820 885 805 823 864 859 877 
885 673 674 675 676 677 678 679 680 803 839 857 865 868 888 894 843 884 842 817 862 807 810 823 814 
886 681 682 683 684 685 686 687 688 826 871 832 873 815 837 805 865 809 858 821 833 862 857 893 819 
887 689 690 691 692 693 694 695 696 855 834 839 824 856 862 877 876 840 803 810 805 838 828 830 872 
888 697 698 699 700 701 702 703 704 828 842 845 806 826 874 867 861 858 850 885 870 880 808 807 817 
889 705 706 707 708 709 710 711 712 894 853 854 860 825 834 870 830 844 891 810 874 838 873 866 806 
890 713 714 715 716 717 718 719 720 838 840 822 820 861 894 832 816 814 870 899 824 819 852 839 874 
891 721 722 723 724 725 726 727 728 831 868 824 807 865 809 859 833 858 853 894 876 820 814 889 817 
892 729 730 731 732 733 734 735 736 876 840 855 834 802 873 807 814 818 870 856 844 880 813 862 866 
893 737 738 739 740 741 742 743 744 881 858 894 826 845 833 886 851 852 821 897 806 867 878 801 857 
894 745 746 747 748 749 750 751 752 834 893 885 802 838 825 840 827 890 889 896 848 876 891 900 847 
895 753 754 755 756 757 758 759 760 846 816 864 825 879 806 897 848 852 872 824 809 873 862 883 857 
896 761 762 763 764 765 766 767 768 898 851 813 877 828 818 867 840 899 801 802 826 863 807 894 873 
897 769 770 771 772 773 774 775 776 810 815 873 817 857 822 867 863 899 866 893 854 811 809 859 895 
898 777 778 779 780 781 782 783 784 847 871 896 866 840 849 858 884 829 841 859 900 834 805 869 843 
899 785 786 787 788 789 790 791 792 844 839 852 851 890 838 816 896 850 877 836 806 876 800 897 800 
900 793 794 795 796 797 798 799 800 864 861 853 815 805 814 833 834 811 836 831 854 876 894 898 826 
