(400,0) (401,0) 
(400,1) (401,1) 
(400,2) (401,2) 
(400,3) (401,3) 
(400,4) (401,4) 
(400,5) (401,5) 
(400,6) (401,6) 
(400,7) (401,7) 
(402,0) (403,0) 
(402,1) (403,1) 
(402,2) (403,2) 
(402,3) (403,3) 
(402,4) (403,4) 
(402,5) (403,5) 
(402,6) (403,6) 
(402,7) (403,7) 
(404,0) (405,0) 
(404,1) (405,1) 
(404,2) (405,2) 
(404,3) (405,3) 
(404,4) (405,4) 
(404,5) (405,5) 
(404,6) (405,6) 
(404,7) (405,7) 
(406,0) (407,0) 
(406,1) (407,1) 
(406,2) (407,2) 
(406,3) (407,3) 
(406,4) (407,4) 
(406,5) (407,5) 
(406,6) (407,6) 
(406,7) (407,7) 
(408,0) (409,0) 
(408,1) (409,1) 
(408,2) (409,2) 
(408,3) (409,3) 
(408,4) (409,4) 
(408,5) (409,5) 
(408,6) (409,6) 
(408,7) (409,7) 
(410,0) (411,0) 
(410,1) (411,1) 
(410,2) (411,2) 
(410,3) (411,3) 
(410,4) (411,4) 
(410,5) (411,5) 
(410,6) (411,6) 
(410,7) (411,7) 
(412,0) (413,0) 
(412,1) (413,1) 
(412,2) (413,2) 
(412,3) (413,3) 
(412,4) (413,4) 
(412,5) (413,5) 
(412,6) (413,6) 
(412,7) (413,7) 
(414,0) (415,0) 
(414,1) (415,1) 
(414,2) (415,2) 
(414,3) (415,3) 
(414,4) (415,4) 
(414,5) (415,5) 
(414,6) (415,6) 
(414,7) (415,7) 
(416,0) (417,0) 
(416,1) (417,1) 
(416,2) (417,2) 
(416,3) (417,3) 
(416,4) (417,4) 
(416,5) (417,5) 
(416,6) (417,6) 
(416,7) (417,7) 
(418,0) (419,0) 
(418,1) (419,1) 
(418,2) (419,2) 
(418,3) (419,3) 
(418,4) (419,4) 
(418,5) (419,5) 
(418,6) (419,6) 
(418,7) (419,7) 
(420,0) (421,0) 
(420,1) (421,1) 
(420,2) (421,2) 
(420,3) (421,3) 
(420,4) (421,4) 
(420,5) (421,5) 
(420,6) (421,6) 
(420,7) (421,7) 
(422,0) (423,0) 
(422,1) (423,1) 
(422,2) (423,2) 
(422,3) (423,3) 
(422,4) (423,4) 
(422,5) (423,5) 
(422,6) (423,6) 
(422,7) (423,7) 
(424,0) (425,0) 
(424,1) (425,1) 
(424,2) (425,2) 
(424,3) (425,3) 
(424,4) (425,4) 
(424,5) (425,5) 
(424,6) (425,6) 
(424,7) (425,7) 
(426,0) (427,0) 
(426,1) (427,1) 
(426,2) (427,2) 
(426,3) (427,3) 
(426,4) (427,4) 
(426,5) (427,5) 
(426,6) (427,6) 
(426,7) (427,7) 
(428,0) (429,0) 
(428,1) (429,1) 
(428,2) (429,2) 
(428,3) (429,3) 
(428,4) (429,4) 
(428,5) (429,5) 
(428,6) (429,6) 
(428,7) (429,7) 
(430,0) (431,0) 
(430,1) (431,1) 
(430,2) (431,2) 
(430,3) (431,3) 
(430,4) (431,4) 
(430,5) (431,5) 
(430,6) (431,6) 
(430,7) (431,7) 
(432,0) (433,0) 
(432,1) (433,1) 
(432,2) (433,2) 
(432,3) (433,3) 
(432,4) (433,4) 
(432,5) (433,5) 
(432,6) (433,6) 
(432,7) (433,7) 
(434,0) (435,0) 
(434,1) (435,1) 
(434,2) (435,2) 
(434,3) (435,3) 
(434,4) (435,4) 
(434,5) (435,5) 
(434,6) (435,6) 
(434,7) (435,7) 
(436,0) (437,0) 
(436,1) (437,1) 
(436,2) (437,2) 
(436,3) (437,3) 
(436,4) (437,4) 
(436,5) (437,5) 
(436,6) (437,6) 
(436,7) (437,7) 
(438,0) (439,0) 
(438,1) (439,1) 
(438,2) (439,2) 
(438,3) (439,3) 
(438,4) (439,4) 
(438,5) (439,5) 
(438,6) (439,6) 
(438,7) (439,7) 
(440,0) (441,0) 
(440,1) (441,1) 
(440,2) (441,2) 
(440,3) (441,3) 
(440,4) (441,4) 
(440,5) (441,5) 
(440,6) (441,6) 
(440,7) (441,7) 
(442,0) (443,0) 
(442,1) (443,1) 
(442,2) (443,2) 
(442,3) (443,3) 
(442,4) (443,4) 
(442,5) (443,5) 
(442,6) (443,6) 
(442,7) (443,7) 
(444,0) (445,0) 
(444,1) (445,1) 
(444,2) (445,2) 
(444,3) (445,3) 
(444,4) (445,4) 
(444,5) (445,5) 
(444,6) (445,6) 
(444,7) (445,7) 
(446,0) (447,0) 
(446,1) (447,1) 
(446,2) (447,2) 
(446,3) (447,3) 
(446,4) (447,4) 
(446,5) (447,5) 
(446,6) (447,6) 
(446,7) (447,7) 
(448,0) (449,0) 
(448,1) (449,1) 
(448,2) (449,2) 
(448,3) (449,3) 
(448,4) (449,4) 
(448,5) (449,5) 
(448,6) (449,6) 
(448,7) (449,7) 
(450,0) (451,0) 
(450,1) (451,1) 
(450,2) (451,2) 
(450,3) (451,3) 
(450,4) (451,4) 
(450,5) (451,5) 
(450,6) (451,6) 
(450,7) (451,7) 
(452,0) (453,0) 
(452,1) (453,1) 
(452,2) (453,2) 
(452,3) (453,3) 
(452,4) (453,4) 
(452,5) (453,5) 
(452,6) (453,6) 
(452,7) (453,7) 
(454,0) (455,0) 
(454,1) (455,1) 
(454,2) (455,2) 
(454,3) (455,3) 
(454,4) (455,4) 
(454,5) (455,5) 
(454,6) (455,6) 
(454,7) (455,7) 
(456,0) (457,0) 
(456,1) (457,1) 
(456,2) (457,2) 
(456,3) (457,3) 
(456,4) (457,4) 
(456,5) (457,5) 
(456,6) (457,6) 
(456,7) (457,7) 
(458,0) (459,0) 
(458,1) (459,1) 
(458,2) (459,2) 
(458,3) (459,3) 
(458,4) (459,4) 
(458,5) (459,5) 
(458,6) (459,6) 
(458,7) (459,7) 
(460,0) (461,0) 
(460,1) (461,1) 
(460,2) (461,2) 
(460,3) (461,3) 
(460,4) (461,4) 
(460,5) (461,5) 
(460,6) (461,6) 
(460,7) (461,7) 
(462,0) (463,0) 
(462,1) (463,1) 
(462,2) (463,2) 
(462,3) (463,3) 
(462,4) (463,4) 
(462,5) (463,5) 
(462,6) (463,6) 
(462,7) (463,7) 
(464,0) (465,0) 
(464,1) (465,1) 
(464,2) (465,2) 
(464,3) (465,3) 
(464,4) (465,4) 
(464,5) (465,5) 
(464,6) (465,6) 
(464,7) (465,7) 
(466,0) (467,0) 
(466,1) (467,1) 
(466,2) (467,2) 
(466,3) (467,3) 
(466,4) (467,4) 
(466,5) (467,5) 
(466,6) (467,6) 
(466,7) (467,7) 
(468,0) (469,0) 
(468,1) (469,1) 
(468,2) (469,2) 
(468,3) (469,3) 
(468,4) (469,4) 
(468,5) (469,5) 
(468,6) (469,6) 
(468,7) (469,7) 
(470,0) (471,0) 
(470,1) (471,1) 
(470,2) (471,2) 
(470,3) (471,3) 
(470,4) (471,4) 
(470,5) (471,5) 
(470,6) (471,6) 
(470,7) (471,7) 
(472,0) (473,0) 
(472,1) (473,1) 
(472,2) (473,2) 
(472,3) (473,3) 
(472,4) (473,4) 
(472,5) (473,5) 
(472,6) (473,6) 
(472,7) (473,7) 
(474,0) (475,0) 
(474,1) (475,1) 
(474,2) (475,2) 
(474,3) (475,3) 
(474,4) (475,4) 
(474,5) (475,5) 
(474,6) (475,6) 
(474,7) (475,7) 
(476,0) (477,0) 
(476,1) (477,1) 
(476,2) (477,2) 
(476,3) (477,3) 
(476,4) (477,4) 
(476,5) (477,5) 
(476,6) (477,6) 
(476,7) (477,7) 
(478,0) (479,0) 
(478,1) (479,1) 
(478,2) (479,2) 
(478,3) (479,3) 
(478,4) (479,4) 
(478,5) (479,5) 
(478,6) (479,6) 
(478,7) (479,7) 
(480,0) (481,0) 
(480,1) (481,1) 
(480,2) (481,2) 
(480,3) (481,3) 
(480,4) (481,4) 
(480,5) (481,5) 
(480,6) (481,6) 
(480,7) (481,7) 
(482,0) (483,0) 
(482,1) (483,1) 
(482,2) (483,2) 
(482,3) (483,3) 
(482,4) (483,4) 
(482,5) (483,5) 
(482,6) (483,6) 
(482,7) (483,7) 
(484,0) (485,0) 
(484,1) (485,1) 
(484,2) (485,2) 
(484,3) (485,3) 
(484,4) (485,4) 
(484,5) (485,5) 
(484,6) (485,6) 
(484,7) (485,7) 
(486,0) (487,0) 
(486,1) (487,1) 
(486,2) (487,2) 
(486,3) (487,3) 
(486,4) (487,4) 
(486,5) (487,5) 
(486,6) (487,6) 
(486,7) (487,7) 
(488,0) (489,0) 
(488,1) (489,1) 
(488,2) (489,2) 
(488,3) (489,3) 
(488,4) (489,4) 
(488,5) (489,5) 
(488,6) (489,6) 
(488,7) (489,7) 
(490,0) (491,0) 
(490,1) (491,1) 
(490,2) (491,2) 
(490,3) (491,3) 
(490,4) (491,4) 
(490,5) (491,5) 
(490,6) (491,6) 
(490,7) (491,7) 
(492,0) (493,0) 
(492,1) (493,1) 
(492,2) (493,2) 
(492,3) (493,3) 
(492,4) (493,4) 
(492,5) (493,5) 
(492,6) (493,6) 
(492,7) (493,7) 
(494,0) (495,0) 
(494,1) (495,1) 
(494,2) (495,2) 
(494,3) (495,3) 
(494,4) (495,4) 
(494,5) (495,5) 
(494,6) (495,6) 
(494,7) (495,7) 
(496,0) (497,0) 
(496,1) (497,1) 
(496,2) (497,2) 
(496,3) (497,3) 
(496,4) (497,4) 
(496,5) (497,5) 
(496,6) (497,6) 
(496,7) (497,7) 
(498,0) (499,0) 
(498,1) (499,1) 
(498,2) (499,2) 
(498,3) (499,3) 
(498,4) (499,4) 
(498,5) (499,5) 
(498,6) (499,6) 
(498,7) (499,7) 
(0,0) (1,0) (2,0) (3,0) (4,0) (5,0) (6,0) (7,0) (419,17) (405,21) (428,15) (495,17) (483,11) (482,12) (436,22) (406,11) (472,19) (401,21) (492,22) (410,15) (427,15) (459,17) (463,8) (429,13) 
(0,1) (1,1) (2,1) (3,1) (4,1) (5,1) (6,1) (7,1) (495,18) (461,13) (403,18) (470,23) (491,12) (426,16) (450,20) (411,20) (434,17) (445,20) (433,18) (493,11) (474,10) (400,17) (406,17) (459,12) 
(8,0) (9,0) (10,0) (11,0) (12,0) (13,0) (14,0) (15,0) (486,17) (430,17) (419,9) (483,15) (434,8) (479,18) (464,14) (447,17) (484,8) (429,16) (469,17) (476,11) (404,16) (459,19) (444,19) (471,18) 
(8,1) (9,1) (10,1) (11,1) (12,1) (13,1) (14,1) (15,1) (407,17) (425,20) (434,22) (476,21) (418,15) (469,15) (454,19) (409,9) (478,9) (466,19) (401,10) (446,12) (405,9) (411,8) (449,15) (421,16) 
(16,0) (17,0) (18,0) (19,0) (20,0) (21,0) (22,0) (23,0) (499,12) (485,14) (480,10) (464,10) (476,20) (434,21) (468,20) (428,21) (402,20) (426,20) (433,12) (421,9) (467,11) (497,21) (486,19) (483,19) 
(16,1) (17,1) (18,1) (19,1) (20,1) (21,1) (22,1) (23,1) (448,20) (403,20) (408,12) (494,13) (461,18) (488,23) (487,11) (433,16) (492,19) (453,9) (478,13) (413,16) (430,10) (400,9) (412,19) (498,19) 
(24,0) (25,0) (26,0) (27,0) (28,0) (29,0) (30,0) (31,0) (462,16) (426,14) (427,23) (400,15) (453,15) (491,14) (484,20) (480,11) (487,22) (401,22) (446,10) (451,23) (490,11) (442,23) (450,23) (495,21) 
(24,1) (25,1) (26,1) (27,1) (28,1) (29,1) (30,1) (31,1) (426,22) (421,18) (416,21) (467,13) (409,17) (469,19) (477,10) (450,9) (422,10) (403,8) (419,18) (462,14) (472,16) (481,9) (487,21) (418,17) 
(32,0) (33,0) (34,0) (35,0) (36,0) (37,0) (38,0) (39,0) (490,13) (485,16) (494,19) (433,14) (405,10) (452,15) (472,20) (445,23) (416,8) (481,17) (478,8) (448,13) (410,16) (441,12) (466,13) (496,21) 
(32,1) (33,1) (34,1) (35,1) (36,1) (37,1) (38,1) (39,1) (496,8) (403,15) (488,18) (442,14) (456,16) (486,18) (424,22) (484,21) (473,23) (407,12) (430,18) (461,8) (425,17) (413,13) (414,17) (454,20) 
(40,0) (41,0) (42,0) (43,0) (44,0) (45,0) (46,0) (47,0) (472,10) (462,17) (433,21) (423,19) (451,18) (496,20) (437,12) (400,19) (408,20) (481,13) (412,10) (442,10) (419,14) (499,16) (450,15) (447,10) 
(40,1) (41,1) (42,1) (43,1) (44,1) (45,1) (46,1) (47,1) (403,21) (435,14) (481,19) (472,8) (467,12) (427,10) (422,13) (471,16) (432,14) (430,9) (418,14) (480,8) (401,15) (436,15) (441,20) (468,19) 
(48,0) (49,0) (50,0) (51,0) (52,0) (53,0) (54,0) (55,0) (480,22) (465,18) (410,18) (434,20) (431,22) (438,11) (471,23) (444,10) (495,10) (474,16) (467,16) (405,22) (439,10) (478,17) (491,21) (429,12) 
(48,1) (49,1) (50,1) (51,1) (52,1) (53,1) (54,1) (55,1) (431,16) (423,20) (447,19) (449,19) (489,16) (409,21) (491,15) (424,11) (405,19) (472,12) (445,8) (474,15) (438,13) (499,13) (490,21) (484,23) 
(56,0) (57,0) (58,0) (59,0) (60,0) (61,0) (62,0) (63,0) (473,14) (453,16) (450,8) (476,19) (496,9) (449,21) (417,15) (451,22) (485,12) (409,22) (455,8) (477,23) (482,11) (499,11) (463,13) (472,22) 
(56,1) (57,1) (58,1) (59,1) (60,1) (61,1) (62,1) (63,1) (471,11) (455,14) (463,17) (454,23) (477,14) (489,15) (448,19) (483,8) (431,20) (458,11) (419,15) (481,16) (459,15) (438,19) (498,14) (494,9) 
(64,0) (65,0) (66,0) (67,0) (68,0) (69,0) (70,0) (71,0) (408,16) (484,18) (425,19) (464,13) (454,11) (496,11) (490,23) (446,19) (481,23) (435,11) (487,23) (418,10) (478,14) (407,10) (459,8) (444,18) 
(64,1) (65,1) (66,1) (67,1) (68,1) (69,1) (70,1) (71,1) (452,22) (445,10) (478,10) (491,16) (449,10) (465,11) (458,23) (414,14) (440,14) (451,21) (455,18) (460,10) (471,17) (438,14) (424,8) (495,13) 
(72,0) (73,0) (74,0) (75,0) (76,0) (77,0) (78,0) (79,0) (485,23) (442,20) (416,19) (481,14) (468,10) (446,14) (411,18) (403,12) (464,21) (407,23) (449,12) (461,23) (427,19) (431,10) (489,20) (439,23) 
(72,1) (73,1) (74,1) (75,1) (76,1) (77,1) (78,1) (79,1) (490,20) (402,10) (439,9) (448,12) (479,9) (443,16) (410,20) (415,18) (489,11) (400,8) (407,18) (438,8) (431,13) (441,19) (483,17) (482,10) 
(80,0) (81,0) (82,0) (83,0) (84,0) (85,0) (86,0) (87,0) (478,16) (431,9) (436,13) (447,23) (481,18) (448,23) (475,15) (482,20) (485,18) (429,11) (492,17) (462,23) (426,13) (440,23) (442,16) (435,22) 
(80,1) (81,1) (82,1) (83,1) (84,1) (85,1) (86,1) (87,1) (464,23) (404,19) (445,19) (444,8) (425,13) (489,10) (468,23) (439,18) (403,23) (474,12) (407,9) (496,13) (479,16) (430,8) (469,12) (432,13) 
(88,0) (89,0) (90,0) (91,0) (92,0) (93,0) (94,0) (95,0) (455,15) (424,9) (407,16) (473,18) (483,20) (411,14) (451,13) (454,13) (429,22) (484,22) (440,16) (432,23) (472,18) (457,19) (430,19) (466,18) 
(88,1) (89,1) (90,1) (91,1) (92,1) (93,1) (94,1) (95,1) (477,9) (448,11) (490,10) (432,19) (431,11) (489,19) (455,21) (430,23) (486,11) (441,23) (481,22) (410,11) (413,9) (444,13) (473,12) (494,18) 
(96,0) (97,0) (98,0) (99,0) (100,0) (101,0) (102,0) (103,0) (417,22) (422,9) (428,22) (413,15) (455,11) (470,20) (488,12) (426,10) (493,13) (483,13) (494,11) (435,19) (436,14) (477,17) (409,14) (462,13) 
(96,1) (97,1) (98,1) (99,1) (100,1) (101,1) (102,1) (103,1) (471,15) (499,23) (440,22) (485,8) (495,19) (421,12) (466,21) (473,20) (492,11) (409,20) (470,18) (416,10) (403,9) (478,19) (452,18) (487,12) 
(104,0) (105,0) (106,0) (107,0) (108,0) (109,0) (110,0) (111,0) (493,15) (440,20) (424,15) (470,19) (481,10) (420,20) (406,9) (452,8) (401,13) (464,9) (428,12) (459,9) (404,17) (427,16) (407,8) (477,15) 
(104,1) (105,1) (106,1) (107,1) (108,1) (109,1) (110,1) (111,1) (495,12) (471,12) (411,13) (486,21) (428,8) (432,17) (430,21) (400,20) (426,21) (469,9) (487,8) (418,20) (460,22) (436,20) (449,18) (406,10) 
(112,0) (113,0) (114,0) (115,0) (116,0) (117,0) (118,0) (119,0) (427,12) (466,23) (474,21) (449,16) (426,18) (470,17) (455,10) (400,10) (497,16) (462,15) (435,23) (480,18) (469,10) (404,15) (424,10) (438,18) 
(112,1) (113,1) (114,1) (115,1) (116,1) (117,1) (118,1) (119,1) (486,22) (434,16) (443,8) (420,17) (412,23) (400,23) (488,15) (462,22) (402,17) (470,22) (457,12) (468,15) (455,16) (476,18) (422,16) (481,21) 
(120,0) (121,0) (122,0) (123,0) (124,0) (125,0) (126,0) (127,0) (421,21) (411,17) (405,20) (442,11) (490,8) (478,15) (459,21) (457,14) (433,8) (402,9) (409,18) (422,22) (499,18) (427,14) (440,18) (423,15) 
(120,1) (121,1) (122,1) (123,1) (124,1) (125,1) (126,1) (127,1) (457,23) (420,9) (418,21) (423,12) (446,17) (419,20) (482,8) (489,14) (413,8) (434,9) (479,23) (485,10) (415,16) (456,12) (412,12) (466,20) 
(128,0) (129,0) (130,0) (131,0) (132,0) (133,0) (134,0) (135,0) (461,12) (485,19) (437,9) (466,10) (490,15) (421,23) (411,16) (492,13) (450,13) (427,13) (499,14) (423,11) (476,12) (438,10) (439,15) (422,19) 
(128,1) (129,1) (130,1) (131,1) (132,1) (133,1) (134,1) (135,1) (430,16) (497,20) (499,15) (465,12) (404,18) (488,13) (408,11) (486,9) (405,15) (493,8) (401,18) (456,14) (451,9) (410,10) (491,11) (441,14) 
(136,0) (137,0) (138,0) (139,0) (140,0) (141,0) (142,0) (143,0) (402,12) (431,17) (482,14) (459,11) (454,14) (439,17) (477,19) (462,18) (429,9) (401,16) (473,13) (474,19) (412,11) (404,13) (403,10) (472,23) 
(136,1) (137,1) (138,1) (139,1) (140,1) (141,1) (142,1) (143,1) (467,17) (446,9) (444,9) (416,17) (480,15) (469,21) (411,9) (462,10) (464,18) (499,17) (498,18) (424,19) (461,22) (436,17) (420,23) (428,18) 
(144,0) (145,0) (146,0) (147,0) (148,0) (149,0) (150,0) (151,0) (450,21) (480,21) (478,21) (466,12) (462,12) (420,10) (424,20) (411,21) (448,17) (435,21) (482,21) (485,13) (427,21) (461,20) (400,14) (470,16) 
(144,1) (145,1) (146,1) (147,1) (148,1) (149,1) (150,1) (151,1) (486,20) (432,10) (457,20) (467,18) (410,14) (455,19) (460,17) (438,23) (447,22) (474,9) (443,21) (448,9) (498,13) (488,20) (489,8) (493,12) 
(152,0) (153,0) (154,0) (155,0) (156,0) (157,0) (158,0) (159,0) (419,19) (489,22) (432,21) (412,13) (498,9) (413,20) (417,21) (484,9) (447,12) (442,21) (428,23) (415,21) (486,10) (453,11) (440,9) (437,15) 
(152,1) (153,1) (154,1) (155,1) (156,1) (157,1) (158,1) (159,1) (489,9) (419,10) (412,20) (491,9) (458,13) (486,16) (495,15) (432,22) (493,14) (434,13) (421,15) (440,12) (456,18) (497,12) (471,19) (418,23) 
(160,0) (161,0) (162,0) (163,0) (164,0) (165,0) (166,0) (167,0) (464,8) (438,22) (476,23) (460,15) (439,19) (456,10) (417,16) (461,16) (422,18) (497,17) (430,22) (477,22) (426,9) (446,23) (425,10) (420,21) 
(160,1) (161,1) (162,1) (163,1) (164,1) (165,1) (166,1) (167,1) (479,8) (451,8) (446,8) (459,13) (408,21) (469,13) (433,23) (484,17) (487,9) (449,13) (447,15) (419,21) (411,22) (464,12) (456,9) (423,17) 
(168,0) (169,0) (170,0) (171,0) (172,0) (173,0) (174,0) (175,0) (484,15) (475,20) (410,19) (430,11) (497,23) (479,10) (409,11) (462,11) (420,22) (481,8) (444,17) (468,18) (418,9) (438,17) (465,14) (406,21) 
(168,1) (169,1) (170,1) (171,1) (172,1) (173,1) (174,1) (175,1) (429,10) (464,19) (460,9) (488,16) (445,16) (474,23) (498,8) (451,19) (419,13) (455,9) (479,12) (448,22) (477,11) (437,18) (491,19) (447,13) 
(176,0) (177,0) (178,0) (179,0) (180,0) (181,0) (182,0) (183,0) (421,11) (435,10) (412,15) (464,17) (454,12) (423,21) (487,10) (475,18) (448,21) (442,18) (416,23) (402,22) (492,12) (474,8) (451,16) (456,19) 
(176,1) (177,1) (178,1) (179,1) (180,1) (181,1) (182,1) (183,1) (413,18) (463,15) (417,9) (470,15) (454,9) (467,20) (450,18) (475,11) (443,12) (457,10) (480,20) (421,10) (401,17) (451,15) (494,8) (408,15) 
(184,0) (185,0) (186,0) (187,0) (188,0) (189,0) (190,0) (191,0) (441,10) (435,9) (406,18) (493,23) (403,19) (468,17) (418,13) (449,11) (480,23) (431,12) (470,13) (416,15) (458,8) (497,8) (475,8) (440,21) 
(184,1) (185,1) (186,1) (187,1) (188,1) (189,1) (190,1) (191,1) (493,19) (454,10) (410,23) (494,15) (438,16) (443,23) (480,16) (441,18) (468,8) (402,15) (453,20) (413,10) (477,21) (449,17) (437,16) (420,11) 
(192,0) (193,0) (194,0) (195,0) (196,0) (197,0) (198,0) (199,0) (451,17) (437,19) (456,21) (423,9) (419,11) (408,19) (473,19) (467,15) (483,16) (436,16) (497,13) (415,14) (405,8) (444,16) (443,19) (420,13) 
(192,1) (193,1) (194,1) (195,1) (196,1) (197,1) (198,1) (199,1) (471,22) (452,11) (417,12) (446,15) (418,18) (441,17) (498,16) (403,22) (428,11) (447,21) (427,22) (413,11) (479,17) (414,13) (454,18) (487,17) 
(200,0) (201,0) (202,0) (203,0) (204,0) (205,0) (206,0) (207,0) (414,10) (407,15) (477,20) (471,9) (453,14) (432,16) (495,9) (410,22) (454,15) (492,15) (445,14) (498,11) (401,14) (436,8) (465,22) (406,22) 
(200,1) (201,1) (202,1) (203,1) (204,1) (205,1) (206,1) (207,1) (441,9) (433,20) (489,21) (492,16) (498,10) (422,14) (452,9) (445,21) (444,22) (448,8) (410,12) (443,15) (494,16) (417,17) (414,15) (406,19) 
(208,0) (209,0) (210,0) (211,0) (212,0) (213,0) (214,0) (215,0) (426,15) (451,14) (463,19) (449,9) (488,9) (490,17) (468,9) (408,13) (456,23) (482,19) (425,22) (471,20) (499,10) (481,12) (417,8) (457,18) 
(208,1) (209,1) (210,1) (211,1) (212,1) (213,1) (214,1) (215,1) (462,9) (405,17) (469,18) (438,21) (477,8) (455,17) (450,12) (406,12) (414,9) (465,10) (475,23) (496,19) (447,18) (488,10) (459,22) (499,19) 
(216,0) (217,0) (218,0) (219,0) (220,0) (221,0) (222,0) (223,0) (466,15) (445,12) (447,9) (416,12) (444,12) (422,15) (434,12) (450,16) (477,18) (491,10) (449,22) (403,14) (409,23) (468,13) (486,8) (415,11) 
(216,1) (217,1) (218,1) (219,1) (220,1) (221,1) (222,1) (223,1) (414,18) (443,17) (428,14) (424,12) (477,13) (461,17) (415,9) (422,8) (429,20) (453,13) (417,18) (437,13) (486,12) (423,14) (491,18) (475,12) 
(224,0) (225,0) (226,0) (227,0) (228,0) (229,0) (230,0) (231,0) (485,21) (441,22) (440,13) (484,10) (431,21) (494,23) (433,19) (496,12) (409,12) (492,23) (439,20) (444,23) (469,11) (448,10) (482,18) (452,16) 
(224,1) (225,1) (226,1) (227,1) (228,1) (229,1) (230,1) (231,1) (487,16) (470,21) (445,17) (497,14) (429,18) (492,9) (430,15) (485,17) (459,18) (490,16) (452,23) (422,21) (437,10) (464,16) (473,21) (431,8) 
(232,0) (233,0) (234,0) (235,0) (236,0) (237,0) (238,0) (239,0) (446,20) (465,20) (469,14) (415,17) (490,14) (439,12) (483,22) (480,12) (496,22) (479,22) (466,17) (497,18) (468,14) (459,10) (482,9) (417,14) 
(232,1) (233,1) (234,1) (235,1) (236,1) (237,1) (238,1) (239,1) (416,22) (426,19) (458,21) (434,11) (401,23) (441,11) (488,11) (415,20) (475,22) (400,21) (457,16) (402,21) (473,11) (430,14) (453,22) (480,19) 
(240,0) (241,0) (242,0) (243,0) (244,0) (245,0) (246,0) (247,0) (487,15) (443,10) (417,19) (467,9) (474,13) (480,17) (466,11) (440,11) (463,21) (437,14) (476,13) (468,22) (479,11) (489,12) (427,20) (499,9) 
(240,1) (241,1) (242,1) (243,1) (244,1) (245,1) (246,1) (247,1) (409,19) (484,19) (481,11) (482,16) (432,8) (401,9) (491,22) (486,13) (440,15) (455,13) (405,12) (494,21) (436,21) (485,20) (435,20) (418,19) 
(248,0) (249,0) (250,0) (251,0) (252,0) (253,0) (254,0) (255,0) (496,15) (453,8) (435,15) (442,15) (436,12) (424,23) (407,19) (428,17) (406,8) (410,9) (434,15) (481,15) (495,20) (467,22) (429,15) (420,19) 
(248,1) (249,1) (250,1) (251,1) (252,1) (253,1) (254,1) (255,1) (400,22) (494,10) (483,21) (474,18) (481,20) (414,22) (473,15) (445,9) (482,17) (415,10) (475,17) (452,10) (478,20) (460,16) (476,15) (499,8) 
(256,0) (257,0) (258,0) (259,0) (260,0) (261,0) (262,0) (263,0) (440,8) (426,17) (404,11) (478,22) (441,21) (416,11) (402,14) (490,12) (457,21) (444,11) (435,16) (443,9) (485,15) (418,16) (484,11) (421,8) 
(256,1) (257,1) (258,1) (259,1) (260,1) (261,1) (262,1) (263,1) (497,11) (476,8) (453,17) (417,13) (433,11) (469,8) (442,22) (473,17) (480,9) (496,17) (412,9) (491,23) (458,9) (470,8) (450,22) (488,22) 
(264,0) (265,0) (266,0) (267,0) (268,0) (269,0) (270,0) (271,0) (479,15) (487,14) (432,11) (460,14) (436,11) (408,22) (492,20) (454,8) (496,14) (458,18) (422,23) (403,17) (431,23) (425,14) (495,14) (428,9) 
(264,1) (265,1) (266,1) (267,1) (268,1) (269,1) (270,1) (271,1) (484,12) (460,11) (474,20) (404,20) (411,12) (407,11) (477,12) (448,15) (412,18) (435,8) (437,11) (480,13) (445,13) (476,16) (462,21) (490,9) 
(272,0) (273,0) (274,0) (275,0) (276,0) (277,0) (278,0) (279,0) (447,16) (452,14) (418,12) (483,10) (472,17) (454,21) (458,20) (429,19) (474,14) (446,13) (442,19) (411,23) (404,14) (497,22) (460,19) (421,14) 
(272,1) (273,1) (274,1) (275,1) (276,1) (277,1) (278,1) (279,1) (465,13) (427,17) (428,20) (456,20) (421,22) (441,13) (458,10) (403,13) (491,17) (402,18) (453,10) (407,13) (488,14) (435,13) (489,17) (487,19) 
(280,0) (281,0) (282,0) (283,0) (284,0) (285,0) (286,0) (287,0) (465,21) (478,12) (482,15) (497,9) (475,10) (446,18) (485,9) (445,11) (436,23) (428,13) (425,18) (426,11) (424,13) (457,9) (429,17) (401,11) 
(280,1) (281,1) (282,1) (283,1) (284,1) (285,1) (286,1) (287,1) (478,18) (450,11) (494,17) (415,8) (427,9) (474,22) (486,23) (425,8) (411,15) (417,20) (402,23) (439,22) (452,19) (479,21) (449,8) (412,14) 
(288,0) (289,0) (290,0) (291,0) (292,0) (293,0) (294,0) (295,0) (411,11) (491,13) (410,8) (495,23) (413,17) (488,21) (494,20) (496,10) (407,20) (468,12) (422,20) (400,16) (408,14) (485,11) (414,23) (434,23) 
(288,1) (289,1) (290,1) (291,1) (292,1) (293,1) (294,1) (295,1) (488,19) (479,20) (483,12) (459,20) (423,22) (434,18) (414,8) (463,14) (487,13) (465,15) (422,11) (448,14) (425,15) (457,22) (489,23) (409,16) 
(296,0) (297,0) (298,0) (299,0) (300,0) (301,0) (302,0) (303,0) (444,21) (437,17) (401,20) (478,23) (421,17) (460,12) (468,16) (413,19) (412,17) (482,23) (463,11) (434,19) (467,10) (428,10) (471,13) (443,13) 
(296,1) (297,1) (298,1) (299,1) (300,1) (301,1) (302,1) (303,1) (446,22) (491,8) (470,12) (445,15) (455,23) (499,20) (490,19) (420,14) (486,15) (463,18) (444,15) (498,20) (442,9) (493,20) (459,16) (453,18) 
(304,0) (305,0) (306,0) (307,0) (308,0) (309,0) (310,0) (311,0) (465,9) (495,11) (483,23) (402,19) (432,20) (460,18) (486,14) (463,22) (467,21) (479,13) (429,21) (414,11) (404,12) (403,11) (498,17) (440,10) 
(304,1) (305,1) (306,1) (307,1) (308,1) (309,1) (310,1) (311,1) (453,12) (423,8) (407,14) (443,20) (467,14) (455,12) (415,12) (426,23) (492,21) (424,21) (454,16) (434,14) (450,10) (447,20) (440,19) (414,19) 
(312,0) (313,0) (314,0) (315,0) (316,0) (317,0) (318,0) (319,0) (408,18) (403,16) (417,10) (494,12) (470,9) (405,18) (416,20) (430,13) (420,8) (412,21) (471,8) (425,21) (463,20) (436,10) (464,11) (474,11) 
(312,1) (313,1) (314,1) (315,1) (316,1) (317,1) (318,1) (319,1) (441,8) (419,12) (442,13) (460,20) (443,18) (476,17) (487,20) (466,8) (421,20) (449,20) (402,13) (491,20) (473,9) (471,21) (458,17) (431,18) 
(320,0) (321,0) (322,0) (323,0) (324,0) (325,0) (326,0) (327,0) (411,19) (465,16) (404,10) (406,15) (458,15) (467,19) (492,8) (435,12) (447,14) (460,13) (428,19) (459,23) (445,18) (436,9) (412,8) (446,16) 
(320,1) (321,1) (322,1) (323,1) (324,1) (325,1) (326,1) (327,1) (442,17) (407,21) (426,12) (461,10) (452,21) (410,17) (418,11) (462,19) (415,19) (408,17) (420,12) (411,10) (463,12) (429,23) (423,18) (416,16) 
(328,0) (329,0) (330,0) (331,0) (332,0) (333,0) (334,0) (335,0) (431,14) (458,22) (419,23) (414,20) (400,13) (494,22) (434,10) (470,10) (461,11) (463,16) (456,22) (452,17) (420,15) (436,18) (483,9) (474,17) 
(328,1) (329,1) (330,1) (331,1) (332,1) (333,1) (334,1) (335,1) (415,15) (482,22) (468,11) (400,12) (473,10) (424,17) (497,15) (402,11) (448,16) (419,22) (484,16) (404,23) (422,12) (463,10) (458,14) (476,10) 
(336,0) (337,0) (338,0) (339,0) (340,0) (341,0) (342,0) (343,0) (402,16) (438,15) (456,11) (464,22) (467,8) (487,18) (493,10) (442,8) (483,18) (441,15) (416,9) (461,9) (406,14) (409,15) (422,17) (413,23) 
(336,1) (337,1) (338,1) (339,1) (340,1) (341,1) (342,1) (343,1) (425,11) (470,14) (431,19) (472,21) (414,16) (436,19) (404,9) (464,20) (408,9) (457,15) (420,16) (432,9) (461,21) (456,8) (492,14) (418,8) 
(344,0) (345,0) (346,0) (347,0) (348,0) (349,0) (350,0) (351,0) (454,22) (433,15) (438,20) (423,16) (455,20) (461,15) (476,14) (475,16) (439,13) (402,8) (409,13) (404,22) (437,8) (427,11) (429,8) (471,14) 
(344,1) (345,1) (346,1) (347,1) (348,1) (349,1) (350,1) (351,1) (427,18) (441,16) (444,14) (405,14) (425,23) (473,16) (466,9) (460,8) (457,8) (449,23) (484,13) (469,23) (479,14) (407,22) (406,16) (416,18) 
(352,0) (353,0) (354,0) (355,0) (356,0) (357,0) (358,0) (359,0) (493,17) (452,12) (453,21) (459,14) (424,14) (433,13) (469,20) (429,14) (443,11) (490,22) (409,10) (473,8) (437,21) (472,13) (465,23) (405,13) 
(352,1) (353,1) (354,1) (355,1) (356,1) (357,1) (358,1) (359,1) (437,22) (439,8) (421,13) (419,16) (460,21) (493,16) (431,15) (415,13) (413,12) (469,22) (498,12) (423,13) (418,22) (451,10) (438,9) (473,22) 
(360,0) (361,0) (362,0) (363,0) (364,0) (365,0) (366,0) (367,0) (430,12) (467,23) (423,10) (406,20) (464,15) (408,8) (458,12) (432,12) (457,17) (452,13) (493,21) (475,14) (419,8) (413,22) (488,17) (416,14) 
(360,1) (361,1) (362,1) (363,1) (364,1) (365,1) (366,1) (367,1) (475,9) (439,11) (454,17) (433,22) (401,12) (472,9) (406,13) (413,14) (417,11) (469,16) (455,22) (443,22) (479,19) (412,22) (461,14) (465,19) 
(368,0) (369,0) (370,0) (371,0) (372,0) (373,0) (374,0) (375,0) (480,14) (457,13) (493,9) (425,16) (444,20) (432,15) (485,22) (450,17) (451,11) (420,18) (496,18) (405,16) (466,14) (477,16) (400,18) (456,17) 
(368,1) (369,1) (370,1) (371,1) (372,1) (373,1) (374,1) (375,1) (433,17) (492,10) (484,14) (401,19) (437,23) (424,16) (439,16) (426,8) (489,13) (488,8) (495,22) (447,8) (475,21) (490,18) (499,21) (446,11) 
(376,0) (377,0) (378,0) (379,0) (380,0) (381,0) (382,0) (383,0) (445,22) (415,23) (463,9) (424,18) (478,11) (405,11) (496,23) (447,11) (451,20) (471,10) (423,23) (408,10) (472,14) (461,19) (482,13) (456,13) 
(376,1) (377,1) (378,1) (379,1) (380,1) (381,1) (382,1) (383,1) (497,10) (450,14) (412,16) (476,9) (427,8) (417,23) (466,22) (439,14) (498,15) (400,11) (401,8) (425,12) (462,20) (406,23) (493,18) (472,11) 
(384,0) (385,0) (386,0) (387,0) (388,0) (389,0) (390,0) (391,0) (409,8) (414,12) (472,15) (416,13) (456,15) (421,19) (466,16) (462,8) (498,22) (465,17) (492,18) (453,19) (410,13) (408,23) (458,16) (494,14) 
(384,1) (385,1) (386,1) (387,1) (388,1) (389,1) (390,1) (391,1) (446,21) (470,11) (495,8) (465,8) (439,21) (448,18) (457,11) (483,14) (428,16) (440,17) (458,19) (499,22) (433,9) (404,21) (468,21) (442,12) 
(392,0) (393,0) (394,0) (395,0) (396,0) (397,0) (398,0) (399,0) (443,14) (438,12) (451,12) (450,19) (489,18) (437,20) (415,22) (495,16) (449,14) (476,22) (435,18) (405,23) (475,19) (-1,-1) (496,16) (-1,-1) 
(392,1) (393,1) (394,1) (395,1) (396,1) (397,1) (398,1) (399,1) (463,23) (460,23) (452,20) (414,21) (404,8) (413,21) (432,18) (433,10) (410,21) (435,17) (430,20) (453,23) (475,13) (493,22) (497,19) (425,9) 
