(800,0) (801,0) 
(800,1) (801,1) 
(800,2) (801,2) 
(800,3) (801,3) 
(800,4) (801,4) 
(800,5) (801,5) 
(800,6) (801,6) 
(800,7) (801,7) 
(800,8) (801,8) 
(800,9) (801,9) 
(800,10) (801,10) 
(800,11) (801,11) 
(800,12) (801,12) 
(800,13) (801,13) 
(800,14) (801,14) 
(800,15) (801,15) 
(802,0) (803,0) 
(802,1) (803,1) 
(802,2) (803,2) 
(802,3) (803,3) 
(802,4) (803,4) 
(802,5) (803,5) 
(802,6) (803,6) 
(802,7) (803,7) 
(802,8) (803,8) 
(802,9) (803,9) 
(802,10) (803,10) 
(802,11) (803,11) 
(802,12) (803,12) 
(802,13) (803,13) 
(802,14) (803,14) 
(802,15) (803,15) 
(804,0) (805,0) 
(804,1) (805,1) 
(804,2) (805,2) 
(804,3) (805,3) 
(804,4) (805,4) 
(804,5) (805,5) 
(804,6) (805,6) 
(804,7) (805,7) 
(804,8) (805,8) 
(804,9) (805,9) 
(804,10) (805,10) 
(804,11) (805,11) 
(804,12) (805,12) 
(804,13) (805,13) 
(804,14) (805,14) 
(804,15) (805,15) 
(806,0) (807,0) 
(806,1) (807,1) 
(806,2) (807,2) 
(806,3) (807,3) 
(806,4) (807,4) 
(806,5) (807,5) 
(806,6) (807,6) 
(806,7) (807,7) 
(806,8) (807,8) 
(806,9) (807,9) 
(806,10) (807,10) 
(806,11) (807,11) 
(806,12) (807,12) 
(806,13) (807,13) 
(806,14) (807,14) 
(806,15) (807,15) 
(808,0) (809,0) 
(808,1) (809,1) 
(808,2) (809,2) 
(808,3) (809,3) 
(808,4) (809,4) 
(808,5) (809,5) 
(808,6) (809,6) 
(808,7) (809,7) 
(808,8) (809,8) 
(808,9) (809,9) 
(808,10) (809,10) 
(808,11) (809,11) 
(808,12) (809,12) 
(808,13) (809,13) 
(808,14) (809,14) 
(808,15) (809,15) 
(810,0) (811,0) 
(810,1) (811,1) 
(810,2) (811,2) 
(810,3) (811,3) 
(810,4) (811,4) 
(810,5) (811,5) 
(810,6) (811,6) 
(810,7) (811,7) 
(810,8) (811,8) 
(810,9) (811,9) 
(810,10) (811,10) 
(810,11) (811,11) 
(810,12) (811,12) 
(810,13) (811,13) 
(810,14) (811,14) 
(810,15) (811,15) 
(812,0) (813,0) 
(812,1) (813,1) 
(812,2) (813,2) 
(812,3) (813,3) 
(812,4) (813,4) 
(812,5) (813,5) 
(812,6) (813,6) 
(812,7) (813,7) 
(812,8) (813,8) 
(812,9) (813,9) 
(812,10) (813,10) 
(812,11) (813,11) 
(812,12) (813,12) 
(812,13) (813,13) 
(812,14) (813,14) 
(812,15) (813,15) 
(814,0) (815,0) 
(814,1) (815,1) 
(814,2) (815,2) 
(814,3) (815,3) 
(814,4) (815,4) 
(814,5) (815,5) 
(814,6) (815,6) 
(814,7) (815,7) 
(814,8) (815,8) 
(814,9) (815,9) 
(814,10) (815,10) 
(814,11) (815,11) 
(814,12) (815,12) 
(814,13) (815,13) 
(814,14) (815,14) 
(814,15) (815,15) 
(816,0) (817,0) 
(816,1) (817,1) 
(816,2) (817,2) 
(816,3) (817,3) 
(816,4) (817,4) 
(816,5) (817,5) 
(816,6) (817,6) 
(816,7) (817,7) 
(816,8) (817,8) 
(816,9) (817,9) 
(816,10) (817,10) 
(816,11) (817,11) 
(816,12) (817,12) 
(816,13) (817,13) 
(816,14) (817,14) 
(816,15) (817,15) 
(818,0) (819,0) 
(818,1) (819,1) 
(818,2) (819,2) 
(818,3) (819,3) 
(818,4) (819,4) 
(818,5) (819,5) 
(818,6) (819,6) 
(818,7) (819,7) 
(818,8) (819,8) 
(818,9) (819,9) 
(818,10) (819,10) 
(818,11) (819,11) 
(818,12) (819,12) 
(818,13) (819,13) 
(818,14) (819,14) 
(818,15) (819,15) 
(820,0) (821,0) 
(820,1) (821,1) 
(820,2) (821,2) 
(820,3) (821,3) 
(820,4) (821,4) 
(820,5) (821,5) 
(820,6) (821,6) 
(820,7) (821,7) 
(820,8) (821,8) 
(820,9) (821,9) 
(820,10) (821,10) 
(820,11) (821,11) 
(820,12) (821,12) 
(820,13) (821,13) 
(820,14) (821,14) 
(820,15) (821,15) 
(822,0) (823,0) 
(822,1) (823,1) 
(822,2) (823,2) 
(822,3) (823,3) 
(822,4) (823,4) 
(822,5) (823,5) 
(822,6) (823,6) 
(822,7) (823,7) 
(822,8) (823,8) 
(822,9) (823,9) 
(822,10) (823,10) 
(822,11) (823,11) 
(822,12) (823,12) 
(822,13) (823,13) 
(822,14) (823,14) 
(822,15) (823,15) 
(824,0) (825,0) 
(824,1) (825,1) 
(824,2) (825,2) 
(824,3) (825,3) 
(824,4) (825,4) 
(824,5) (825,5) 
(824,6) (825,6) 
(824,7) (825,7) 
(824,8) (825,8) 
(824,9) (825,9) 
(824,10) (825,10) 
(824,11) (825,11) 
(824,12) (825,12) 
(824,13) (825,13) 
(824,14) (825,14) 
(824,15) (825,15) 
(826,0) (827,0) 
(826,1) (827,1) 
(826,2) (827,2) 
(826,3) (827,3) 
(826,4) (827,4) 
(826,5) (827,5) 
(826,6) (827,6) 
(826,7) (827,7) 
(826,8) (827,8) 
(826,9) (827,9) 
(826,10) (827,10) 
(826,11) (827,11) 
(826,12) (827,12) 
(826,13) (827,13) 
(826,14) (827,14) 
(826,15) (827,15) 
(828,0) (829,0) 
(828,1) (829,1) 
(828,2) (829,2) 
(828,3) (829,3) 
(828,4) (829,4) 
(828,5) (829,5) 
(828,6) (829,6) 
(828,7) (829,7) 
(828,8) (829,8) 
(828,9) (829,9) 
(828,10) (829,10) 
(828,11) (829,11) 
(828,12) (829,12) 
(828,13) (829,13) 
(828,14) (829,14) 
(828,15) (829,15) 
(830,0) (831,0) 
(830,1) (831,1) 
(830,2) (831,2) 
(830,3) (831,3) 
(830,4) (831,4) 
(830,5) (831,5) 
(830,6) (831,6) 
(830,7) (831,7) 
(830,8) (831,8) 
(830,9) (831,9) 
(830,10) (831,10) 
(830,11) (831,11) 
(830,12) (831,12) 
(830,13) (831,13) 
(830,14) (831,14) 
(830,15) (831,15) 
(832,0) (833,0) 
(832,1) (833,1) 
(832,2) (833,2) 
(832,3) (833,3) 
(832,4) (833,4) 
(832,5) (833,5) 
(832,6) (833,6) 
(832,7) (833,7) 
(832,8) (833,8) 
(832,9) (833,9) 
(832,10) (833,10) 
(832,11) (833,11) 
(832,12) (833,12) 
(832,13) (833,13) 
(832,14) (833,14) 
(832,15) (833,15) 
(834,0) (835,0) 
(834,1) (835,1) 
(834,2) (835,2) 
(834,3) (835,3) 
(834,4) (835,4) 
(834,5) (835,5) 
(834,6) (835,6) 
(834,7) (835,7) 
(834,8) (835,8) 
(834,9) (835,9) 
(834,10) (835,10) 
(834,11) (835,11) 
(834,12) (835,12) 
(834,13) (835,13) 
(834,14) (835,14) 
(834,15) (835,15) 
(836,0) (837,0) 
(836,1) (837,1) 
(836,2) (837,2) 
(836,3) (837,3) 
(836,4) (837,4) 
(836,5) (837,5) 
(836,6) (837,6) 
(836,7) (837,7) 
(836,8) (837,8) 
(836,9) (837,9) 
(836,10) (837,10) 
(836,11) (837,11) 
(836,12) (837,12) 
(836,13) (837,13) 
(836,14) (837,14) 
(836,15) (837,15) 
(838,0) (839,0) 
(838,1) (839,1) 
(838,2) (839,2) 
(838,3) (839,3) 
(838,4) (839,4) 
(838,5) (839,5) 
(838,6) (839,6) 
(838,7) (839,7) 
(838,8) (839,8) 
(838,9) (839,9) 
(838,10) (839,10) 
(838,11) (839,11) 
(838,12) (839,12) 
(838,13) (839,13) 
(838,14) (839,14) 
(838,15) (839,15) 
(840,0) (841,0) 
(840,1) (841,1) 
(840,2) (841,2) 
(840,3) (841,3) 
(840,4) (841,4) 
(840,5) (841,5) 
(840,6) (841,6) 
(840,7) (841,7) 
(840,8) (841,8) 
(840,9) (841,9) 
(840,10) (841,10) 
(840,11) (841,11) 
(840,12) (841,12) 
(840,13) (841,13) 
(840,14) (841,14) 
(840,15) (841,15) 
(842,0) (843,0) 
(842,1) (843,1) 
(842,2) (843,2) 
(842,3) (843,3) 
(842,4) (843,4) 
(842,5) (843,5) 
(842,6) (843,6) 
(842,7) (843,7) 
(842,8) (843,8) 
(842,9) (843,9) 
(842,10) (843,10) 
(842,11) (843,11) 
(842,12) (843,12) 
(842,13) (843,13) 
(842,14) (843,14) 
(842,15) (843,15) 
(844,0) (845,0) 
(844,1) (845,1) 
(844,2) (845,2) 
(844,3) (845,3) 
(844,4) (845,4) 
(844,5) (845,5) 
(844,6) (845,6) 
(844,7) (845,7) 
(844,8) (845,8) 
(844,9) (845,9) 
(844,10) (845,10) 
(844,11) (845,11) 
(844,12) (845,12) 
(844,13) (845,13) 
(844,14) (845,14) 
(844,15) (845,15) 
(846,0) (847,0) 
(846,1) (847,1) 
(846,2) (847,2) 
(846,3) (847,3) 
(846,4) (847,4) 
(846,5) (847,5) 
(846,6) (847,6) 
(846,7) (847,7) 
(846,8) (847,8) 
(846,9) (847,9) 
(846,10) (847,10) 
(846,11) (847,11) 
(846,12) (847,12) 
(846,13) (847,13) 
(846,14) (847,14) 
(846,15) (847,15) 
(848,0) (849,0) 
(848,1) (849,1) 
(848,2) (849,2) 
(848,3) (849,3) 
(848,4) (849,4) 
(848,5) (849,5) 
(848,6) (849,6) 
(848,7) (849,7) 
(848,8) (849,8) 
(848,9) (849,9) 
(848,10) (849,10) 
(848,11) (849,11) 
(848,12) (849,12) 
(848,13) (849,13) 
(848,14) (849,14) 
(848,15) (849,15) 
(850,0) (851,0) 
(850,1) (851,1) 
(850,2) (851,2) 
(850,3) (851,3) 
(850,4) (851,4) 
(850,5) (851,5) 
(850,6) (851,6) 
(850,7) (851,7) 
(850,8) (851,8) 
(850,9) (851,9) 
(850,10) (851,10) 
(850,11) (851,11) 
(850,12) (851,12) 
(850,13) (851,13) 
(850,14) (851,14) 
(850,15) (851,15) 
(852,0) (853,0) 
(852,1) (853,1) 
(852,2) (853,2) 
(852,3) (853,3) 
(852,4) (853,4) 
(852,5) (853,5) 
(852,6) (853,6) 
(852,7) (853,7) 
(852,8) (853,8) 
(852,9) (853,9) 
(852,10) (853,10) 
(852,11) (853,11) 
(852,12) (853,12) 
(852,13) (853,13) 
(852,14) (853,14) 
(852,15) (853,15) 
(854,0) (855,0) 
(854,1) (855,1) 
(854,2) (855,2) 
(854,3) (855,3) 
(854,4) (855,4) 
(854,5) (855,5) 
(854,6) (855,6) 
(854,7) (855,7) 
(854,8) (855,8) 
(854,9) (855,9) 
(854,10) (855,10) 
(854,11) (855,11) 
(854,12) (855,12) 
(854,13) (855,13) 
(854,14) (855,14) 
(854,15) (855,15) 
(856,0) (857,0) 
(856,1) (857,1) 
(856,2) (857,2) 
(856,3) (857,3) 
(856,4) (857,4) 
(856,5) (857,5) 
(856,6) (857,6) 
(856,7) (857,7) 
(856,8) (857,8) 
(856,9) (857,9) 
(856,10) (857,10) 
(856,11) (857,11) 
(856,12) (857,12) 
(856,13) (857,13) 
(856,14) (857,14) 
(856,15) (857,15) 
(858,0) (859,0) 
(858,1) (859,1) 
(858,2) (859,2) 
(858,3) (859,3) 
(858,4) (859,4) 
(858,5) (859,5) 
(858,6) (859,6) 
(858,7) (859,7) 
(858,8) (859,8) 
(858,9) (859,9) 
(858,10) (859,10) 
(858,11) (859,11) 
(858,12) (859,12) 
(858,13) (859,13) 
(858,14) (859,14) 
(858,15) (859,15) 
(860,0) (861,0) 
(860,1) (861,1) 
(860,2) (861,2) 
(860,3) (861,3) 
(860,4) (861,4) 
(860,5) (861,5) 
(860,6) (861,6) 
(860,7) (861,7) 
(860,8) (861,8) 
(860,9) (861,9) 
(860,10) (861,10) 
(860,11) (861,11) 
(860,12) (861,12) 
(860,13) (861,13) 
(860,14) (861,14) 
(860,15) (861,15) 
(862,0) (863,0) 
(862,1) (863,1) 
(862,2) (863,2) 
(862,3) (863,3) 
(862,4) (863,4) 
(862,5) (863,5) 
(862,6) (863,6) 
(862,7) (863,7) 
(862,8) (863,8) 
(862,9) (863,9) 
(862,10) (863,10) 
(862,11) (863,11) 
(862,12) (863,12) 
(862,13) (863,13) 
(862,14) (863,14) 
(862,15) (863,15) 
(864,0) (865,0) 
(864,1) (865,1) 
(864,2) (865,2) 
(864,3) (865,3) 
(864,4) (865,4) 
(864,5) (865,5) 
(864,6) (865,6) 
(864,7) (865,7) 
(864,8) (865,8) 
(864,9) (865,9) 
(864,10) (865,10) 
(864,11) (865,11) 
(864,12) (865,12) 
(864,13) (865,13) 
(864,14) (865,14) 
(864,15) (865,15) 
(866,0) (867,0) 
(866,1) (867,1) 
(866,2) (867,2) 
(866,3) (867,3) 
(866,4) (867,4) 
(866,5) (867,5) 
(866,6) (867,6) 
(866,7) (867,7) 
(866,8) (867,8) 
(866,9) (867,9) 
(866,10) (867,10) 
(866,11) (867,11) 
(866,12) (867,12) 
(866,13) (867,13) 
(866,14) (867,14) 
(866,15) (867,15) 
(868,0) (869,0) 
(868,1) (869,1) 
(868,2) (869,2) 
(868,3) (869,3) 
(868,4) (869,4) 
(868,5) (869,5) 
(868,6) (869,6) 
(868,7) (869,7) 
(868,8) (869,8) 
(868,9) (869,9) 
(868,10) (869,10) 
(868,11) (869,11) 
(868,12) (869,12) 
(868,13) (869,13) 
(868,14) (869,14) 
(868,15) (869,15) 
(870,0) (871,0) 
(870,1) (871,1) 
(870,2) (871,2) 
(870,3) (871,3) 
(870,4) (871,4) 
(870,5) (871,5) 
(870,6) (871,6) 
(870,7) (871,7) 
(870,8) (871,8) 
(870,9) (871,9) 
(870,10) (871,10) 
(870,11) (871,11) 
(870,12) (871,12) 
(870,13) (871,13) 
(870,14) (871,14) 
(870,15) (871,15) 
(872,0) (873,0) 
(872,1) (873,1) 
(872,2) (873,2) 
(872,3) (873,3) 
(872,4) (873,4) 
(872,5) (873,5) 
(872,6) (873,6) 
(872,7) (873,7) 
(872,8) (873,8) 
(872,9) (873,9) 
(872,10) (873,10) 
(872,11) (873,11) 
(872,12) (873,12) 
(872,13) (873,13) 
(872,14) (873,14) 
(872,15) (873,15) 
(874,0) (875,0) 
(874,1) (875,1) 
(874,2) (875,2) 
(874,3) (875,3) 
(874,4) (875,4) 
(874,5) (875,5) 
(874,6) (875,6) 
(874,7) (875,7) 
(874,8) (875,8) 
(874,9) (875,9) 
(874,10) (875,10) 
(874,11) (875,11) 
(874,12) (875,12) 
(874,13) (875,13) 
(874,14) (875,14) 
(874,15) (875,15) 
(876,0) (877,0) 
(876,1) (877,1) 
(876,2) (877,2) 
(876,3) (877,3) 
(876,4) (877,4) 
(876,5) (877,5) 
(876,6) (877,6) 
(876,7) (877,7) 
(876,8) (877,8) 
(876,9) (877,9) 
(876,10) (877,10) 
(876,11) (877,11) 
(876,12) (877,12) 
(876,13) (877,13) 
(876,14) (877,14) 
(876,15) (877,15) 
(878,0) (879,0) 
(878,1) (879,1) 
(878,2) (879,2) 
(878,3) (879,3) 
(878,4) (879,4) 
(878,5) (879,5) 
(878,6) (879,6) 
(878,7) (879,7) 
(878,8) (879,8) 
(878,9) (879,9) 
(878,10) (879,10) 
(878,11) (879,11) 
(878,12) (879,12) 
(878,13) (879,13) 
(878,14) (879,14) 
(878,15) (879,15) 
(880,0) (881,0) 
(880,1) (881,1) 
(880,2) (881,2) 
(880,3) (881,3) 
(880,4) (881,4) 
(880,5) (881,5) 
(880,6) (881,6) 
(880,7) (881,7) 
(880,8) (881,8) 
(880,9) (881,9) 
(880,10) (881,10) 
(880,11) (881,11) 
(880,12) (881,12) 
(880,13) (881,13) 
(880,14) (881,14) 
(880,15) (881,15) 
(882,0) (883,0) 
(882,1) (883,1) 
(882,2) (883,2) 
(882,3) (883,3) 
(882,4) (883,4) 
(882,5) (883,5) 
(882,6) (883,6) 
(882,7) (883,7) 
(882,8) (883,8) 
(882,9) (883,9) 
(882,10) (883,10) 
(882,11) (883,11) 
(882,12) (883,12) 
(882,13) (883,13) 
(882,14) (883,14) 
(882,15) (883,15) 
(884,0) (885,0) 
(884,1) (885,1) 
(884,2) (885,2) 
(884,3) (885,3) 
(884,4) (885,4) 
(884,5) (885,5) 
(884,6) (885,6) 
(884,7) (885,7) 
(884,8) (885,8) 
(884,9) (885,9) 
(884,10) (885,10) 
(884,11) (885,11) 
(884,12) (885,12) 
(884,13) (885,13) 
(884,14) (885,14) 
(884,15) (885,15) 
(886,0) (887,0) 
(886,1) (887,1) 
(886,2) (887,2) 
(886,3) (887,3) 
(886,4) (887,4) 
(886,5) (887,5) 
(886,6) (887,6) 
(886,7) (887,7) 
(886,8) (887,8) 
(886,9) (887,9) 
(886,10) (887,10) 
(886,11) (887,11) 
(886,12) (887,12) 
(886,13) (887,13) 
(886,14) (887,14) 
(886,15) (887,15) 
(888,0) (889,0) 
(888,1) (889,1) 
(888,2) (889,2) 
(888,3) (889,3) 
(888,4) (889,4) 
(888,5) (889,5) 
(888,6) (889,6) 
(888,7) (889,7) 
(888,8) (889,8) 
(888,9) (889,9) 
(888,10) (889,10) 
(888,11) (889,11) 
(888,12) (889,12) 
(888,13) (889,13) 
(888,14) (889,14) 
(888,15) (889,15) 
(890,0) (891,0) 
(890,1) (891,1) 
(890,2) (891,2) 
(890,3) (891,3) 
(890,4) (891,4) 
(890,5) (891,5) 
(890,6) (891,6) 
(890,7) (891,7) 
(890,8) (891,8) 
(890,9) (891,9) 
(890,10) (891,10) 
(890,11) (891,11) 
(890,12) (891,12) 
(890,13) (891,13) 
(890,14) (891,14) 
(890,15) (891,15) 
(892,0) (893,0) 
(892,1) (893,1) 
(892,2) (893,2) 
(892,3) (893,3) 
(892,4) (893,4) 
(892,5) (893,5) 
(892,6) (893,6) 
(892,7) (893,7) 
(892,8) (893,8) 
(892,9) (893,9) 
(892,10) (893,10) 
(892,11) (893,11) 
(892,12) (893,12) 
(892,13) (893,13) 
(892,14) (893,14) 
(892,15) (893,15) 
(894,0) (895,0) 
(894,1) (895,1) 
(894,2) (895,2) 
(894,3) (895,3) 
(894,4) (895,4) 
(894,5) (895,5) 
(894,6) (895,6) 
(894,7) (895,7) 
(894,8) (895,8) 
(894,9) (895,9) 
(894,10) (895,10) 
(894,11) (895,11) 
(894,12) (895,12) 
(894,13) (895,13) 
(894,14) (895,14) 
(894,15) (895,15) 
(896,0) (897,0) 
(896,1) (897,1) 
(896,2) (897,2) 
(896,3) (897,3) 
(896,4) (897,4) 
(896,5) (897,5) 
(896,6) (897,6) 
(896,7) (897,7) 
(896,8) (897,8) 
(896,9) (897,9) 
(896,10) (897,10) 
(896,11) (897,11) 
(896,12) (897,12) 
(896,13) (897,13) 
(896,14) (897,14) 
(896,15) (897,15) 
(898,0) (899,0) 
(898,1) (899,1) 
(898,2) (899,2) 
(898,3) (899,3) 
(898,4) (899,4) 
(898,5) (899,5) 
(898,6) (899,6) 
(898,7) (899,7) 
(898,8) (899,8) 
(898,9) (899,9) 
(898,10) (899,10) 
(898,11) (899,11) 
(898,12) (899,12) 
(898,13) (899,13) 
(898,14) (899,14) 
(898,15) (899,15) 
(0,0) (1,0) (2,0) (3,0) (4,0) (5,0) (6,0) (7,0) (8,0) (9,0) (10,0) (11,0) (12,0) (13,0) (14,0) (15,0) (835,22) (827,16) (888,21) (850,23) (883,19) (826,17) (853,20) (833,21) 
(0,1) (1,1) (2,1) (3,1) (4,1) (5,1) (6,1) (7,1) (8,1) (9,1) (10,1) (11,1) (12,1) (13,1) (14,1) (15,1) (856,22) (872,16) (803,18) (837,17) (876,22) (811,23) (806,20) (841,18) 
(16,0) (17,0) (18,0) (19,0) (20,0) (21,0) (22,0) (23,0) (24,0) (25,0) (26,0) (27,0) (28,0) (29,0) (30,0) (31,0) (876,21) (855,22) (893,19) (894,17) (838,18) (804,19) (829,20) (886,19) 
(16,1) (17,1) (18,1) (19,1) (20,1) (21,1) (22,1) (23,1) (24,1) (25,1) (26,1) (27,1) (28,1) (29,1) (30,1) (31,1) (809,19) (865,17) (801,18) (846,19) (861,17) (895,21) (822,23) (841,16) 
(32,0) (33,0) (34,0) (35,0) (36,0) (37,0) (38,0) (39,0) (40,0) (41,0) (42,0) (43,0) (44,0) (45,0) (46,0) (47,0) (843,22) (861,23) (868,23) (802,21) (848,17) (810,17) (850,16) (824,18) 
(32,1) (33,1) (34,1) (35,1) (36,1) (37,1) (38,1) (39,1) (40,1) (41,1) (42,1) (43,1) (44,1) (45,1) (46,1) (47,1) (834,23) (826,21) (808,17) (871,16) (830,18) (860,17) (887,19) (872,20) 
(48,0) (49,0) (50,0) (51,0) (52,0) (53,0) (54,0) (55,0) (56,0) (57,0) (58,0) (59,0) (60,0) (61,0) (62,0) (63,0) (854,23) (866,18) (846,18) (847,21) (801,22) (858,23) (888,20) (807,18) 
(48,1) (49,1) (50,1) (51,1) (52,1) (53,1) (54,1) (55,1) (56,1) (57,1) (58,1) (59,1) (60,1) (61,1) (62,1) (63,1) (887,22) (868,19) (806,23) (892,18) (824,23) (814,19) (811,19) (818,17) 
(64,0) (65,0) (66,0) (67,0) (68,0) (69,0) (70,0) (71,0) (72,0) (73,0) (74,0) (75,0) (76,0) (77,0) (78,0) (79,0) (890,16) (805,18) (894,19) (848,21) (870,22) (851,23) (812,20) (811,20) 
(64,1) (65,1) (66,1) (67,1) (68,1) (69,1) (70,1) (71,1) (72,1) (73,1) (74,1) (75,1) (76,1) (77,1) (78,1) (79,1) (877,19) (864,22) (858,22) (803,16) (856,16) (813,21) (817,16) (849,22) 
(80,0) (81,0) (82,0) (83,0) (84,0) (85,0) (86,0) (87,0) (88,0) (89,0) (90,0) (91,0) (92,0) (93,0) (94,0) (95,0) (872,18) (804,21) (812,21) (892,23) (860,19) (849,18) (863,20) (831,22) 
(80,1) (81,1) (82,1) (83,1) (84,1) (85,1) (86,1) (87,1) (88,1) (89,1) (90,1) (91,1) (92,1) (93,1) (94,1) (95,1) (880,19) (886,23) (832,19) (807,22) (808,23) (830,20) (872,17) (801,21) 
(96,0) (97,0) (98,0) (99,0) (100,0) (101,0) (102,0) (103,0) (104,0) (105,0) (106,0) (107,0) (108,0) (109,0) (110,0) (111,0) (892,20) (884,23) (821,21) (840,22) (808,22) (810,18) (847,20) (829,18) 
(96,1) (97,1) (98,1) (99,1) (100,1) (101,1) (102,1) (103,1) (104,1) (105,1) (106,1) (107,1) (108,1) (109,1) (110,1) (111,1) (881,18) (871,17) (814,17) (849,23) (831,23) (809,21) (890,21) (825,20) 
(112,0) (113,0) (114,0) (115,0) (116,0) (117,0) (118,0) (119,0) (120,0) (121,0) (122,0) (123,0) (124,0) (125,0) (126,0) (127,0) (817,20) (813,18) (821,18) (807,21) (855,18) (866,21) (834,22) (897,19) 
(112,1) (113,1) (114,1) (115,1) (116,1) (117,1) (118,1) (119,1) (120,1) (121,1) (122,1) (123,1) (124,1) (125,1) (126,1) (127,1) (881,23) (880,16) (828,17) (899,20) (859,16) (879,16) (849,16) (863,16) 
(128,0) (129,0) (130,0) (131,0) (132,0) (133,0) (134,0) (135,0) (136,0) (137,0) (138,0) (139,0) (140,0) (141,0) (142,0) (143,0) (867,16) (898,23) (857,17) (818,18) (828,18) (819,17) (825,17) (842,19) 
(128,1) (129,1) (130,1) (131,1) (132,1) (133,1) (134,1) (135,1) (136,1) (137,1) (138,1) (139,1) (140,1) (141,1) (142,1) (143,1) (809,22) (895,23) (819,21) (857,18) (814,16) (896,17) (878,17) (869,21) 
(144,0) (145,0) (146,0) (147,0) (148,0) (149,0) (150,0) (151,0) (152,0) (153,0) (154,0) (155,0) (156,0) (157,0) (158,0) (159,0) (881,21) (807,23) (816,19) (880,21) (827,19) (828,19) (889,20) (843,19) 
(144,1) (145,1) (146,1) (147,1) (148,1) (149,1) (150,1) (151,1) (152,1) (153,1) (154,1) (155,1) (156,1) (157,1) (158,1) (159,1) (824,21) (816,21) (893,23) (822,18) (882,18) (817,18) (859,23) (862,16) 
(160,0) (161,0) (162,0) (163,0) (164,0) (165,0) (166,0) (167,0) (168,0) (169,0) (170,0) (171,0) (172,0) (173,0) (174,0) (175,0) (837,16) (892,16) (893,18) (857,20) (873,16) (826,22) (834,19) (853,23) 
(160,1) (161,1) (162,1) (163,1) (164,1) (165,1) (166,1) (167,1) (168,1) (169,1) (170,1) (171,1) (172,1) (173,1) (174,1) (175,1) (898,20) (874,20) (814,18) (844,16) (849,17) (812,18) (873,19) (885,20) 
(176,0) (177,0) (178,0) (179,0) (180,0) (181,0) (182,0) (183,0) (184,0) (185,0) (186,0) (187,0) (188,0) (189,0) (190,0) (191,0) (875,21) (847,23) (819,19) (857,16) (855,23) (854,17) (841,21) (803,22) 
(176,1) (177,1) (178,1) (179,1) (180,1) (181,1) (182,1) (183,1) (184,1) (185,1) (186,1) (187,1) (188,1) (189,1) (190,1) (191,1) (888,17) (864,23) (859,19) (836,18) (826,20) (894,18) (873,20) (871,22) 
(192,0) (193,0) (194,0) (195,0) (196,0) (197,0) (198,0) (199,0) (200,0) (201,0) (202,0) (203,0) (204,0) (205,0) (206,0) (207,0) (870,20) (838,16) (804,23) (871,20) (852,23) (819,16) (844,21) (807,20) 
(192,1) (193,1) (194,1) (195,1) (196,1) (197,1) (198,1) (199,1) (200,1) (201,1) (202,1) (203,1) (204,1) (205,1) (206,1) (207,1) (873,21) (816,22) (862,23) (892,21) (813,23) (894,20) (866,19) (878,19) 
(208,0) (209,0) (210,0) (211,0) (212,0) (213,0) (214,0) (215,0) (216,0) (217,0) (218,0) (219,0) (220,0) (221,0) (222,0) (223,0) (885,22) (800,21) (829,23) (883,21) (823,20) (805,17) (820,21) (877,23) 
(208,1) (209,1) (210,1) (211,1) (212,1) (213,1) (214,1) (215,1) (216,1) (217,1) (218,1) (219,1) (220,1) (221,1) (222,1) (223,1) (800,17) (858,19) (848,23) (818,20) (836,17) (845,23) (851,18) (872,23) 
(224,0) (225,0) (226,0) (227,0) (228,0) (229,0) (230,0) (231,0) (232,0) (233,0) (234,0) (235,0) (236,0) (237,0) (238,0) (239,0) (864,18) (815,18) (816,20) (818,21) (844,17) (837,18) (854,21) (831,20) 
(224,1) (225,1) (226,1) (227,1) (228,1) (229,1) (230,1) (231,1) (232,1) (233,1) (234,1) (235,1) (236,1) (237,1) (238,1) (239,1) (849,21) (861,19) (812,23) (866,20) (802,22) (876,18) (830,22) (826,18) 
(240,0) (241,0) (242,0) (243,0) (244,0) (245,0) (246,0) (247,0) (248,0) (249,0) (250,0) (251,0) (252,0) (253,0) (254,0) (255,0) (864,21) (859,21) (805,20) (874,17) (811,21) (883,16) (829,22) (880,22) 
(240,1) (241,1) (242,1) (243,1) (244,1) (245,1) (246,1) (247,1) (248,1) (249,1) (250,1) (251,1) (252,1) (253,1) (254,1) (255,1) (891,18) (837,23) (879,23) (840,21) (828,23) (832,23) (810,23) (813,20) 
(256,0) (257,0) (258,0) (259,0) (260,0) (261,0) (262,0) (263,0) (264,0) (265,0) (266,0) (267,0) (268,0) (269,0) (270,0) (271,0) (882,23) (875,22) (885,19) (811,18) (845,17) (886,17) (870,18) (831,21) 
(256,1) (257,1) (258,1) (259,1) (260,1) (261,1) (262,1) (263,1) (264,1) (265,1) (266,1) (267,1) (268,1) (269,1) (270,1) (271,1) (858,17) (893,17) (870,17) (897,20) (890,17) (800,23) (876,20) (852,16) 
(272,0) (273,0) (274,0) (275,0) (276,0) (277,0) (278,0) (279,0) (280,0) (281,0) (282,0) (283,0) (284,0) (285,0) (286,0) (287,0) (850,22) (889,22) (871,21) (820,22) (881,22) (853,21) (814,22) (805,16) 
(272,1) (273,1) (274,1) (275,1) (276,1) (277,1) (278,1) (279,1) (280,1) (281,1) (282,1) (283,1) (284,1) (285,1) (286,1) (287,1) (877,16) (899,21) (868,17) (898,16) (875,17) (897,21) (800,16) (891,20) 
(288,0) (289,0) (290,0) (291,0) (292,0) (293,0) (294,0) (295,0) (296,0) (297,0) (298,0) (299,0) (300,0) (301,0) (302,0) (303,0) (894,16) (827,20) (823,19) (885,21) (891,21) (848,22) (842,16) (870,16) 
(288,1) (289,1) (290,1) (291,1) (292,1) (293,1) (294,1) (295,1) (296,1) (297,1) (298,1) (299,1) (300,1) (301,1) (302,1) (303,1) (820,16) (801,19) (828,21) (869,16) (879,21) (871,23) (856,17) (831,17) 
(304,0) (305,0) (306,0) (307,0) (308,0) (309,0) (310,0) (311,0) (312,0) (313,0) (314,0) (315,0) (316,0) (317,0) (318,0) (319,0) (824,17) (855,16) (802,20) (887,17) (897,22) (870,23) (853,22) (896,20) 
(304,1) (305,1) (306,1) (307,1) (308,1) (309,1) (310,1) (311,1) (312,1) (313,1) (314,1) (315,1) (316,1) (317,1) (318,1) (319,1) (877,18) (890,19) (853,17) (879,20) (858,21) (894,22) (895,19) (859,17) 
(320,0) (321,0) (322,0) (323,0) (324,0) (325,0) (326,0) (327,0) (328,0) (329,0) (330,0) (331,0) (332,0) (333,0) (334,0) (335,0) (861,16) (897,17) (891,22) (860,16) (883,23) (831,19) (812,19) (882,21) 
(320,1) (321,1) (322,1) (323,1) (324,1) (325,1) (326,1) (327,1) (328,1) (329,1) (330,1) (331,1) (332,1) (333,1) (334,1) (335,1) (803,23) (896,22) (801,23) (890,23) (847,17) (822,22) (845,20) (842,17) 
(336,0) (337,0) (338,0) (339,0) (340,0) (341,0) (342,0) (343,0) (344,0) (345,0) (346,0) (347,0) (348,0) (349,0) (350,0) (351,0) (836,22) (841,23) (865,22) (816,23) (851,21) (861,18) (891,19) (884,16) 
(336,1) (337,1) (338,1) (339,1) (340,1) (341,1) (342,1) (343,1) (344,1) (345,1) (346,1) (347,1) (348,1) (349,1) (350,1) (351,1) (859,22) (882,20) (879,19) (818,23) (864,19) (845,16) (804,16) (896,16) 
(352,0) (353,0) (354,0) (355,0) (356,0) (357,0) (358,0) (359,0) (360,0) (361,0) (362,0) (363,0) (364,0) (365,0) (366,0) (367,0) (821,19) (828,20) (848,16) (874,16) (869,19) (824,22) (897,16) (885,23) 
(352,1) (353,1) (354,1) (355,1) (356,1) (357,1) (358,1) (359,1) (360,1) (361,1) (362,1) (363,1) (364,1) (365,1) (366,1) (367,1) (843,21) (832,20) (862,22) (848,18) (841,22) (857,19) (846,21) (827,21) 
(368,0) (369,0) (370,0) (371,0) (372,0) (373,0) (374,0) (375,0) (376,0) (377,0) (378,0) (379,0) (380,0) (381,0) (382,0) (383,0) (869,17) (863,21) (806,18) (803,19) (899,23) (845,22) (870,21) (849,19) 
(368,1) (369,1) (370,1) (371,1) (372,1) (373,1) (374,1) (375,1) (376,1) (377,1) (378,1) (379,1) (380,1) (381,1) (382,1) (383,1) (868,16) (841,20) (852,21) (894,23) (812,22) (806,19) (884,22) (822,17) 
(384,0) (385,0) (386,0) (387,0) (388,0) (389,0) (390,0) (391,0) (392,0) (393,0) (394,0) (395,0) (396,0) (397,0) (398,0) (399,0) (844,18) (804,20) (845,19) (860,20) (883,20) (808,19) (836,21) (827,18) 
(384,1) (385,1) (386,1) (387,1) (388,1) (389,1) (390,1) (391,1) (392,1) (393,1) (394,1) (395,1) (396,1) (397,1) (398,1) (399,1) (815,22) (821,20) (810,21) (846,23) (879,17) (829,16) (809,23) (813,19) 
(400,0) (401,0) (402,0) (403,0) (404,0) (405,0) (406,0) (407,0) (408,0) (409,0) (410,0) (411,0) (412,0) (413,0) (414,0) (415,0) (804,22) (871,19) (885,17) (898,19) (861,20) (862,18) (834,16) (800,19) 
(400,1) (401,1) (402,1) (403,1) (404,1) (405,1) (406,1) (407,1) (408,1) (409,1) (410,1) (411,1) (412,1) (413,1) (414,1) (415,1) (875,20) (877,20) (827,22) (861,22) (882,22) (842,20) (869,23) (808,21) 
(416,0) (417,0) (418,0) (419,0) (420,0) (421,0) (422,0) (423,0) (424,0) (425,0) (426,0) (427,0) (428,0) (429,0) (430,0) (431,0) (833,23) (889,23) (875,18) (874,23) (868,18) (847,18) (855,17) (824,20) 
(416,1) (417,1) (418,1) (419,1) (420,1) (421,1) (422,1) (423,1) (424,1) (425,1) (426,1) (427,1) (428,1) (429,1) (430,1) (431,1) (869,18) (839,18) (891,16) (892,22) (800,22) (834,21) (838,22) (820,23) 
(432,0) (433,0) (434,0) (435,0) (436,0) (437,0) (438,0) (439,0) (440,0) (441,0) (442,0) (443,0) (444,0) (445,0) (446,0) (447,0) (877,22) (822,21) (880,20) (875,16) (893,21) (828,22) (891,23) (806,16) 
(432,1) (433,1) (434,1) (435,1) (436,1) (437,1) (438,1) (439,1) (440,1) (441,1) (442,1) (443,1) (444,1) (445,1) (446,1) (447,1) (838,17) (852,22) (814,20) (863,17) (898,21) (857,22) (802,17) (822,20) 
(448,0) (449,0) (450,0) (451,0) (452,0) (453,0) (454,0) (455,0) (456,0) (457,0) (458,0) (459,0) (460,0) (461,0) (462,0) (463,0) (809,20) (837,22) (857,23) (884,18) (860,18) (878,18) (801,16) (893,20) 
(448,1) (449,1) (450,1) (451,1) (452,1) (453,1) (454,1) (455,1) (456,1) (457,1) (458,1) (459,1) (460,1) (461,1) (462,1) (463,1) (822,19) (816,18) (817,19) (845,21) (820,19) (889,16) (855,21) (856,18) 
(464,0) (465,0) (466,0) (467,0) (468,0) (469,0) (470,0) (471,0) (472,0) (473,0) (474,0) (475,0) (476,0) (477,0) (478,0) (479,0) (867,20) (833,16) (866,17) (827,17) (890,22) (839,20) (809,18) (806,21) 
(464,1) (465,1) (466,1) (467,1) (468,1) (469,1) (470,1) (471,1) (472,1) (473,1) (474,1) (475,1) (476,1) (477,1) (478,1) (479,1) (815,20) (839,23) (876,17) (823,18) (873,17) (830,17) (843,16) (819,22) 
(480,0) (481,0) (482,0) (483,0) (484,0) (485,0) (486,0) (487,0) (488,0) (489,0) (490,0) (491,0) (492,0) (493,0) (494,0) (495,0) (840,19) (805,21) (856,20) (810,20) (848,19) (868,21) (880,23) (884,17) 
(480,1) (481,1) (482,1) (483,1) (484,1) (485,1) (486,1) (487,1) (488,1) (489,1) (490,1) (491,1) (492,1) (493,1) (494,1) (495,1) (840,16) (803,20) (842,21) (829,17) (850,20) (895,18) (851,19) (804,17) 
(496,0) (497,0) (498,0) (499,0) (500,0) (501,0) (502,0) (503,0) (504,0) (505,0) (506,0) (507,0) (508,0) (509,0) (510,0) (511,0) (819,23) (896,21) (850,21) (868,20) (895,16) (899,17) (845,18) (825,18) 
(496,1) (497,1) (498,1) (499,1) (500,1) (501,1) (502,1) (503,1) (504,1) (505,1) (506,1) (507,1) (508,1) (509,1) (510,1) (511,1) (815,23) (855,19) (865,23) (889,18) (810,22) (846,17) (887,20) (867,17) 
(512,0) (513,0) (514,0) (515,0) (516,0) (517,0) (518,0) (519,0) (520,0) (521,0) (522,0) (523,0) (524,0) (525,0) (526,0) (527,0) (884,20) (895,22) (828,16) (843,20) (874,19) (830,16) (809,17) (823,17) 
(512,1) (513,1) (514,1) (515,1) (516,1) (517,1) (518,1) (519,1) (520,1) (521,1) (522,1) (523,1) (524,1) (525,1) (526,1) (527,1) (898,22) (803,17) (877,17) (897,23) (890,18) (881,16) (842,18) (863,18) 
(528,0) (529,0) (530,0) (531,0) (532,0) (533,0) (534,0) (535,0) (536,0) (537,0) (538,0) (539,0) (540,0) (541,0) (542,0) (543,0) (874,22) (858,18) (806,17) (825,22) (829,19) (814,21) (891,17) (873,22) 
(528,1) (529,1) (530,1) (531,1) (532,1) (533,1) (534,1) (535,1) (536,1) (537,1) (538,1) (539,1) (540,1) (541,1) (542,1) (543,1) (816,16) (863,23) (890,20) (871,18) (858,16) (874,18) (882,19) (886,21) 
(544,0) (545,0) (546,0) (547,0) (548,0) (549,0) (550,0) (551,0) (552,0) (553,0) (554,0) (555,0) (556,0) (557,0) (558,0) (559,0) (847,16) (835,18) (852,20) (807,17) (862,19) (860,21) (889,21) (804,18) 
(544,1) (545,1) (546,1) (547,1) (548,1) (549,1) (550,1) (551,1) (552,1) (553,1) (554,1) (555,1) (556,1) (557,1) (558,1) (559,1) (837,19) (846,16) (853,16) (844,20) (873,18) (817,23) (872,19) (851,22) 
(560,0) (561,0) (562,0) (563,0) (564,0) (565,0) (566,0) (567,0) (568,0) (569,0) (570,0) (571,0) (572,0) (573,0) (574,0) (575,0) (836,23) (833,18) (832,22) (875,23) (824,16) (846,22) (808,20) (838,21) 
(560,1) (561,1) (562,1) (563,1) (564,1) (565,1) (566,1) (567,1) (568,1) (569,1) (570,1) (571,1) (572,1) (573,1) (574,1) (575,1) (805,19) (813,17) (867,19) (850,17) (824,19) (834,18) (823,23) (837,21) 
(576,0) (577,0) (578,0) (579,0) (580,0) (581,0) (582,0) (583,0) (584,0) (585,0) (586,0) (587,0) (588,0) (589,0) (590,0) (591,0) (801,17) (811,22) (810,16) (869,22) (805,23) (878,22) (887,16) (827,23) 
(576,1) (577,1) (578,1) (579,1) (580,1) (581,1) (582,1) (583,1) (584,1) (585,1) (586,1) (587,1) (588,1) (589,1) (590,1) (591,1) (820,20) (859,20) (869,20) (821,22) (823,22) (825,16) (866,23) (892,17) 
(592,0) (593,0) (594,0) (595,0) (596,0) (597,0) (598,0) (599,0) (600,0) (601,0) (602,0) (603,0) (604,0) (605,0) (606,0) (607,0) (844,19) (830,19) (867,21) (864,20) (821,17) (880,17) (866,16) (852,19) 
(592,1) (593,1) (594,1) (595,1) (596,1) (597,1) (598,1) (599,1) (600,1) (601,1) (602,1) (603,1) (604,1) (605,1) (606,1) (607,1) (854,19) (835,20) (852,18) (898,17) (851,16) (822,16) (832,17) (870,19) 
(608,0) (609,0) (610,0) (611,0) (612,0) (613,0) (614,0) (615,0) (616,0) (617,0) (618,0) (619,0) (620,0) (621,0) (622,0) (623,0) (888,16) (859,18) (829,21) (889,19) (833,22) (802,16) (801,20) (881,19) 
(608,1) (609,1) (610,1) (611,1) (612,1) (613,1) (614,1) (615,1) (616,1) (617,1) (618,1) (619,1) (620,1) (621,1) (622,1) (623,1) (835,16) (865,18) (839,16) (809,16) (851,17) (885,16) (854,16) (826,23) 
(624,0) (625,0) (626,0) (627,0) (628,0) (629,0) (630,0) (631,0) (632,0) (633,0) (634,0) (635,0) (636,0) (637,0) (638,0) (639,0) (883,18) (817,22) (856,21) (825,23) (879,18) (881,20) (872,21) (888,23) 
(624,1) (625,1) (626,1) (627,1) (628,1) (629,1) (630,1) (631,1) (632,1) (633,1) (634,1) (635,1) (636,1) (637,1) (638,1) (639,1) (815,21) (849,20) (878,20) (843,18) (839,19) (837,20) (899,16) (831,18) 
(640,0) (641,0) (642,0) (643,0) (644,0) (645,0) (646,0) (647,0) (648,0) (649,0) (650,0) (651,0) (652,0) (653,0) (654,0) (655,0) (815,17) (874,21) (899,19) (811,16) (854,18) (818,19) (830,23) (860,22) 
(640,1) (641,1) (642,1) (643,1) (644,1) (645,1) (646,1) (647,1) (648,1) (649,1) (650,1) (651,1) (652,1) (653,1) (654,1) (655,1) (865,21) (893,16) (813,16) (876,23) (878,21) (818,16) (834,20) (815,16) 
(656,0) (657,0) (658,0) (659,0) (660,0) (661,0) (662,0) (663,0) (664,0) (665,0) (666,0) (667,0) (668,0) (669,0) (670,0) (671,0) (885,18) (888,22) (819,20) (867,22) (843,17) (840,23) (851,20) (832,16) 
(656,1) (657,1) (658,1) (659,1) (660,1) (661,1) (662,1) (663,1) (664,1) (665,1) (666,1) (667,1) (668,1) (669,1) (670,1) (671,1) (830,21) (896,23) (878,16) (800,20) (848,20) (826,19) (886,22) (840,20) 
(672,0) (673,0) (674,0) (675,0) (676,0) (677,0) (678,0) (679,0) (680,0) (681,0) (682,0) (683,0) (684,0) (685,0) (686,0) (687,0) (842,23) (860,23) (856,19) (895,17) (864,16) (887,18) (847,22) (812,17) 
(672,1) (673,1) (674,1) (675,1) (676,1) (677,1) (678,1) (679,1) (680,1) (681,1) (682,1) (683,1) (684,1) (685,1) (686,1) (687,1) (877,21) (850,18) (882,16) (832,18) (821,23) (836,19) (826,16) (844,23) 
(688,0) (689,0) (690,0) (691,0) (692,0) (693,0) (694,0) (695,0) (696,0) (697,0) (698,0) (699,0) (700,0) (701,0) (702,0) (703,0) (888,19) (832,21) (898,18) (802,23) (894,21) (867,23) (883,22) (811,17) 
(688,1) (689,1) (690,1) (691,1) (692,1) (693,1) (694,1) (695,1) (696,1) (697,1) (698,1) (699,1) (700,1) (701,1) (702,1) (703,1) (872,22) (838,19) (884,21) (805,22) (863,22) (899,18) (807,16) (888,18) 
(704,0) (705,0) (706,0) (707,0) (708,0) (709,0) (710,0) (711,0) (712,0) (713,0) (714,0) (715,0) (716,0) (717,0) (718,0) (719,0) (876,16) (823,16) (887,23) (886,16) (806,22) (800,18) (882,17) (878,23) 
(704,1) (705,1) (706,1) (707,1) (708,1) (709,1) (710,1) (711,1) (712,1) (713,1) (714,1) (715,1) (716,1) (717,1) (718,1) (719,1) (857,21) (896,19) (863,19) (876,19) (818,22) (868,22) (834,17) (852,17) 
(720,0) (721,0) (722,0) (723,0) (724,0) (725,0) (726,0) (727,0) (728,0) (729,0) (730,0) (731,0) (732,0) (733,0) (734,0) (735,0) (808,16) (833,20) (865,20) (839,17) (867,18) (813,22) (858,20) (841,19) 
(720,1) (721,1) (722,1) (723,1) (724,1) (725,1) (726,1) (727,1) (728,1) (729,1) (730,1) (731,1) (732,1) (733,1) (734,1) (735,1) (853,18) (866,22) (831,16) (842,22) (835,23) (836,20) (840,18) (854,22) 
(736,0) (737,0) (738,0) (739,0) (740,0) (741,0) (742,0) (743,0) (744,0) (745,0) (746,0) (747,0) (748,0) (749,0) (750,0) (751,0) (820,17) (873,23) (807,19) (899,22) (812,16) (825,19) (853,19) (810,19) 
(736,1) (737,1) (738,1) (739,1) (740,1) (741,1) (742,1) (743,1) (744,1) (745,1) (746,1) (747,1) (748,1) (749,1) (750,1) (751,1) (881,17) (833,17) (820,18) (802,18) (856,23) (854,20) (896,18) (819,18) 
(752,0) (753,0) (754,0) (755,0) (756,0) (757,0) (758,0) (759,0) (760,0) (761,0) (762,0) (763,0) (764,0) (765,0) (766,0) (767,0) (836,16) (802,19) (823,21) (808,18) (825,21) (886,20) (839,21) (847,19) 
(752,1) (753,1) (754,1) (755,1) (756,1) (757,1) (758,1) (759,1) (760,1) (761,1) (762,1) (763,1) (764,1) (765,1) (766,1) (767,1) (862,20) (884,19) (861,21) (839,22) (897,18) (803,21) (864,17) (817,17) 
(768,0) (769,0) (770,0) (771,0) (772,0) (773,0) (774,0) (775,0) (776,0) (777,0) (778,0) (779,0) (780,0) (781,0) (782,0) (783,0) (843,23) (817,21) (893,22) (889,17) (838,23) (862,17) (841,17) (883,17) 
(768,1) (769,1) (770,1) (771,1) (772,1) (773,1) (774,1) (775,1) (776,1) (777,1) (778,1) (779,1) (780,1) (781,1) (782,1) (783,1) (844,22) (840,17) (895,20) (814,23) (833,19) (835,21) (838,20) (865,19) 
(784,0) (785,0) (786,0) (787,0) (788,0) (789,0) (790,0) (791,0) (792,0) (793,0) (794,0) (795,0) (796,0) (797,0) (798,0) (799,0) (835,19) (875,19) (886,18) (850,19) (821,16) (855,20) (865,16) (816,17) 
(784,1) (785,1) (786,1) (787,1) (788,1) (789,1) (790,1) (791,1) (792,1) (793,1) (794,1) (795,1) (796,1) (797,1) (798,1) (799,1) (879,22) (862,21) (887,21) (880,18) (815,19) (835,17) (892,19) (846,20) 
