(800,0) 
(800,1) 
(800,2) 
(800,3) 
(800,4) 
(800,5) 
(800,6) 
(800,7) 
(801,0) 
(801,1) 
(801,2) 
(801,3) 
(801,4) 
(801,5) 
(801,6) 
(801,7) 
(802,0) 
(802,1) 
(802,2) 
(802,3) 
(802,4) 
(802,5) 
(802,6) 
(802,7) 
(803,0) 
(803,1) 
(803,2) 
(803,3) 
(803,4) 
(803,5) 
(803,6) 
(803,7) 
(804,0) 
(804,1) 
(804,2) 
(804,3) 
(804,4) 
(804,5) 
(804,6) 
(804,7) 
(805,0) 
(805,1) 
(805,2) 
(805,3) 
(805,4) 
(805,5) 
(805,6) 
(805,7) 
(806,0) 
(806,1) 
(806,2) 
(806,3) 
(806,4) 
(806,5) 
(806,6) 
(806,7) 
(807,0) 
(807,1) 
(807,2) 
(807,3) 
(807,4) 
(807,5) 
(807,6) 
(807,7) 
(808,0) 
(808,1) 
(808,2) 
(808,3) 
(808,4) 
(808,5) 
(808,6) 
(808,7) 
(809,0) 
(809,1) 
(809,2) 
(809,3) 
(809,4) 
(809,5) 
(809,6) 
(809,7) 
(810,0) 
(810,1) 
(810,2) 
(810,3) 
(810,4) 
(810,5) 
(810,6) 
(810,7) 
(811,0) 
(811,1) 
(811,2) 
(811,3) 
(811,4) 
(811,5) 
(811,6) 
(811,7) 
(812,0) 
(812,1) 
(812,2) 
(812,3) 
(812,4) 
(812,5) 
(812,6) 
(812,7) 
(813,0) 
(813,1) 
(813,2) 
(813,3) 
(813,4) 
(813,5) 
(813,6) 
(813,7) 
(814,0) 
(814,1) 
(814,2) 
(814,3) 
(814,4) 
(814,5) 
(814,6) 
(814,7) 
(815,0) 
(815,1) 
(815,2) 
(815,3) 
(815,4) 
(815,5) 
(815,6) 
(815,7) 
(816,0) 
(816,1) 
(816,2) 
(816,3) 
(816,4) 
(816,5) 
(816,6) 
(816,7) 
(817,0) 
(817,1) 
(817,2) 
(817,3) 
(817,4) 
(817,5) 
(817,6) 
(817,7) 
(818,0) 
(818,1) 
(818,2) 
(818,3) 
(818,4) 
(818,5) 
(818,6) 
(818,7) 
(819,0) 
(819,1) 
(819,2) 
(819,3) 
(819,4) 
(819,5) 
(819,6) 
(819,7) 
(820,0) 
(820,1) 
(820,2) 
(820,3) 
(820,4) 
(820,5) 
(820,6) 
(820,7) 
(821,0) 
(821,1) 
(821,2) 
(821,3) 
(821,4) 
(821,5) 
(821,6) 
(821,7) 
(822,0) 
(822,1) 
(822,2) 
(822,3) 
(822,4) 
(822,5) 
(822,6) 
(822,7) 
(823,0) 
(823,1) 
(823,2) 
(823,3) 
(823,4) 
(823,5) 
(823,6) 
(823,7) 
(824,0) 
(824,1) 
(824,2) 
(824,3) 
(824,4) 
(824,5) 
(824,6) 
(824,7) 
(825,0) 
(825,1) 
(825,2) 
(825,3) 
(825,4) 
(825,5) 
(825,6) 
(825,7) 
(826,0) 
(826,1) 
(826,2) 
(826,3) 
(826,4) 
(826,5) 
(826,6) 
(826,7) 
(827,0) 
(827,1) 
(827,2) 
(827,3) 
(827,4) 
(827,5) 
(827,6) 
(827,7) 
(828,0) 
(828,1) 
(828,2) 
(828,3) 
(828,4) 
(828,5) 
(828,6) 
(828,7) 
(829,0) 
(829,1) 
(829,2) 
(829,3) 
(829,4) 
(829,5) 
(829,6) 
(829,7) 
(830,0) 
(830,1) 
(830,2) 
(830,3) 
(830,4) 
(830,5) 
(830,6) 
(830,7) 
(831,0) 
(831,1) 
(831,2) 
(831,3) 
(831,4) 
(831,5) 
(831,6) 
(831,7) 
(832,0) 
(832,1) 
(832,2) 
(832,3) 
(832,4) 
(832,5) 
(832,6) 
(832,7) 
(833,0) 
(833,1) 
(833,2) 
(833,3) 
(833,4) 
(833,5) 
(833,6) 
(833,7) 
(834,0) 
(834,1) 
(834,2) 
(834,3) 
(834,4) 
(834,5) 
(834,6) 
(834,7) 
(835,0) 
(835,1) 
(835,2) 
(835,3) 
(835,4) 
(835,5) 
(835,6) 
(835,7) 
(836,0) 
(836,1) 
(836,2) 
(836,3) 
(836,4) 
(836,5) 
(836,6) 
(836,7) 
(837,0) 
(837,1) 
(837,2) 
(837,3) 
(837,4) 
(837,5) 
(837,6) 
(837,7) 
(838,0) 
(838,1) 
(838,2) 
(838,3) 
(838,4) 
(838,5) 
(838,6) 
(838,7) 
(839,0) 
(839,1) 
(839,2) 
(839,3) 
(839,4) 
(839,5) 
(839,6) 
(839,7) 
(840,0) 
(840,1) 
(840,2) 
(840,3) 
(840,4) 
(840,5) 
(840,6) 
(840,7) 
(841,0) 
(841,1) 
(841,2) 
(841,3) 
(841,4) 
(841,5) 
(841,6) 
(841,7) 
(842,0) 
(842,1) 
(842,2) 
(842,3) 
(842,4) 
(842,5) 
(842,6) 
(842,7) 
(843,0) 
(843,1) 
(843,2) 
(843,3) 
(843,4) 
(843,5) 
(843,6) 
(843,7) 
(844,0) 
(844,1) 
(844,2) 
(844,3) 
(844,4) 
(844,5) 
(844,6) 
(844,7) 
(845,0) 
(845,1) 
(845,2) 
(845,3) 
(845,4) 
(845,5) 
(845,6) 
(845,7) 
(846,0) 
(846,1) 
(846,2) 
(846,3) 
(846,4) 
(846,5) 
(846,6) 
(846,7) 
(847,0) 
(847,1) 
(847,2) 
(847,3) 
(847,4) 
(847,5) 
(847,6) 
(847,7) 
(848,0) 
(848,1) 
(848,2) 
(848,3) 
(848,4) 
(848,5) 
(848,6) 
(848,7) 
(849,0) 
(849,1) 
(849,2) 
(849,3) 
(849,4) 
(849,5) 
(849,6) 
(849,7) 
(850,0) 
(850,1) 
(850,2) 
(850,3) 
(850,4) 
(850,5) 
(850,6) 
(850,7) 
(851,0) 
(851,1) 
(851,2) 
(851,3) 
(851,4) 
(851,5) 
(851,6) 
(851,7) 
(852,0) 
(852,1) 
(852,2) 
(852,3) 
(852,4) 
(852,5) 
(852,6) 
(852,7) 
(853,0) 
(853,1) 
(853,2) 
(853,3) 
(853,4) 
(853,5) 
(853,6) 
(853,7) 
(854,0) 
(854,1) 
(854,2) 
(854,3) 
(854,4) 
(854,5) 
(854,6) 
(854,7) 
(855,0) 
(855,1) 
(855,2) 
(855,3) 
(855,4) 
(855,5) 
(855,6) 
(855,7) 
(856,0) 
(856,1) 
(856,2) 
(856,3) 
(856,4) 
(856,5) 
(856,6) 
(856,7) 
(857,0) 
(857,1) 
(857,2) 
(857,3) 
(857,4) 
(857,5) 
(857,6) 
(857,7) 
(858,0) 
(858,1) 
(858,2) 
(858,3) 
(858,4) 
(858,5) 
(858,6) 
(858,7) 
(859,0) 
(859,1) 
(859,2) 
(859,3) 
(859,4) 
(859,5) 
(859,6) 
(859,7) 
(860,0) 
(860,1) 
(860,2) 
(860,3) 
(860,4) 
(860,5) 
(860,6) 
(860,7) 
(861,0) 
(861,1) 
(861,2) 
(861,3) 
(861,4) 
(861,5) 
(861,6) 
(861,7) 
(862,0) 
(862,1) 
(862,2) 
(862,3) 
(862,4) 
(862,5) 
(862,6) 
(862,7) 
(863,0) 
(863,1) 
(863,2) 
(863,3) 
(863,4) 
(863,5) 
(863,6) 
(863,7) 
(864,0) 
(864,1) 
(864,2) 
(864,3) 
(864,4) 
(864,5) 
(864,6) 
(864,7) 
(865,0) 
(865,1) 
(865,2) 
(865,3) 
(865,4) 
(865,5) 
(865,6) 
(865,7) 
(866,0) 
(866,1) 
(866,2) 
(866,3) 
(866,4) 
(866,5) 
(866,6) 
(866,7) 
(867,0) 
(867,1) 
(867,2) 
(867,3) 
(867,4) 
(867,5) 
(867,6) 
(867,7) 
(868,0) 
(868,1) 
(868,2) 
(868,3) 
(868,4) 
(868,5) 
(868,6) 
(868,7) 
(869,0) 
(869,1) 
(869,2) 
(869,3) 
(869,4) 
(869,5) 
(869,6) 
(869,7) 
(870,0) 
(870,1) 
(870,2) 
(870,3) 
(870,4) 
(870,5) 
(870,6) 
(870,7) 
(871,0) 
(871,1) 
(871,2) 
(871,3) 
(871,4) 
(871,5) 
(871,6) 
(871,7) 
(872,0) 
(872,1) 
(872,2) 
(872,3) 
(872,4) 
(872,5) 
(872,6) 
(872,7) 
(873,0) 
(873,1) 
(873,2) 
(873,3) 
(873,4) 
(873,5) 
(873,6) 
(873,7) 
(874,0) 
(874,1) 
(874,2) 
(874,3) 
(874,4) 
(874,5) 
(874,6) 
(874,7) 
(875,0) 
(875,1) 
(875,2) 
(875,3) 
(875,4) 
(875,5) 
(875,6) 
(875,7) 
(876,0) 
(876,1) 
(876,2) 
(876,3) 
(876,4) 
(876,5) 
(876,6) 
(876,7) 
(877,0) 
(877,1) 
(877,2) 
(877,3) 
(877,4) 
(877,5) 
(877,6) 
(877,7) 
(878,0) 
(878,1) 
(878,2) 
(878,3) 
(878,4) 
(878,5) 
(878,6) 
(878,7) 
(879,0) 
(879,1) 
(879,2) 
(879,3) 
(879,4) 
(879,5) 
(879,6) 
(879,7) 
(880,0) 
(880,1) 
(880,2) 
(880,3) 
(880,4) 
(880,5) 
(880,6) 
(880,7) 
(881,0) 
(881,1) 
(881,2) 
(881,3) 
(881,4) 
(881,5) 
(881,6) 
(881,7) 
(882,0) 
(882,1) 
(882,2) 
(882,3) 
(882,4) 
(882,5) 
(882,6) 
(882,7) 
(883,0) 
(883,1) 
(883,2) 
(883,3) 
(883,4) 
(883,5) 
(883,6) 
(883,7) 
(884,0) 
(884,1) 
(884,2) 
(884,3) 
(884,4) 
(884,5) 
(884,6) 
(884,7) 
(885,0) 
(885,1) 
(885,2) 
(885,3) 
(885,4) 
(885,5) 
(885,6) 
(885,7) 
(886,0) 
(886,1) 
(886,2) 
(886,3) 
(886,4) 
(886,5) 
(886,6) 
(886,7) 
(887,0) 
(887,1) 
(887,2) 
(887,3) 
(887,4) 
(887,5) 
(887,6) 
(887,7) 
(888,0) 
(888,1) 
(888,2) 
(888,3) 
(888,4) 
(888,5) 
(888,6) 
(888,7) 
(889,0) 
(889,1) 
(889,2) 
(889,3) 
(889,4) 
(889,5) 
(889,6) 
(889,7) 
(890,0) 
(890,1) 
(890,2) 
(890,3) 
(890,4) 
(890,5) 
(890,6) 
(890,7) 
(891,0) 
(891,1) 
(891,2) 
(891,3) 
(891,4) 
(891,5) 
(891,6) 
(891,7) 
(892,0) 
(892,1) 
(892,2) 
(892,3) 
(892,4) 
(892,5) 
(892,6) 
(892,7) 
(893,0) 
(893,1) 
(893,2) 
(893,3) 
(893,4) 
(893,5) 
(893,6) 
(893,7) 
(894,0) 
(894,1) 
(894,2) 
(894,3) 
(894,4) 
(894,5) 
(894,6) 
(894,7) 
(895,0) 
(895,1) 
(895,2) 
(895,3) 
(895,4) 
(895,5) 
(895,6) 
(895,7) 
(896,0) 
(896,1) 
(896,2) 
(896,3) 
(896,4) 
(896,5) 
(896,6) 
(896,7) 
(897,0) 
(897,1) 
(897,2) 
(897,3) 
(897,4) 
(897,5) 
(897,6) 
(897,7) 
(898,0) 
(898,1) 
(898,2) 
(898,3) 
(898,4) 
(898,5) 
(898,6) 
(898,7) 
(899,0) 
(899,1) 
(899,2) 
(899,3) 
(899,4) 
(899,5) 
(899,6) 
(899,7) 
(0,0) (1,0) (2,0) (3,0) (4,0) (5,0) (6,0) (7,0) (819,17) (805,21) (828,15) (895,17) (883,11) (882,12) (836,22) (806,11) (872,19) (801,21) (892,22) (810,15) (827,15) (859,17) (863,8) (829,13) 
(8,0) (9,0) (10,0) (11,0) (12,0) (13,0) (14,0) (15,0) (895,18) (861,13) (803,18) (870,23) (891,12) (826,16) (850,20) (811,20) (834,17) (845,20) (833,18) (893,11) (874,10) (800,17) (806,17) (859,12) 
(16,0) (17,0) (18,0) (19,0) (20,0) (21,0) (22,0) (23,0) (886,17) (830,17) (819,9) (883,15) (834,8) (879,18) (864,14) (847,17) (884,8) (829,16) (869,17) (876,11) (804,16) (859,19) (844,19) (871,18) 
(24,0) (25,0) (26,0) (27,0) (28,0) (29,0) (30,0) (31,0) (807,17) (825,20) (834,22) (876,21) (818,15) (869,15) (854,19) (809,9) (878,9) (866,19) (801,10) (846,12) (805,9) (811,8) (849,15) (821,16) 
(32,0) (33,0) (34,0) (35,0) (36,0) (37,0) (38,0) (39,0) (899,12) (885,14) (880,10) (864,10) (876,20) (834,21) (868,20) (828,21) (802,20) (826,20) (833,12) (821,9) (867,11) (897,21) (886,19) (883,19) 
(40,0) (41,0) (42,0) (43,0) (44,0) (45,0) (46,0) (47,0) (848,20) (803,20) (808,12) (894,13) (861,18) (888,23) (887,11) (833,16) (892,19) (853,9) (878,13) (813,16) (830,10) (800,9) (812,19) (898,19) 
(48,0) (49,0) (50,0) (51,0) (52,0) (53,0) (54,0) (55,0) (862,16) (826,14) (827,23) (800,15) (853,15) (891,14) (884,20) (880,11) (887,22) (801,22) (846,10) (851,23) (890,11) (842,23) (850,23) (895,21) 
(56,0) (57,0) (58,0) (59,0) (60,0) (61,0) (62,0) (63,0) (826,22) (821,18) (816,21) (867,13) (809,17) (869,19) (877,10) (850,9) (822,10) (803,8) (819,18) (862,14) (872,16) (881,9) (887,21) (818,17) 
(64,0) (65,0) (66,0) (67,0) (68,0) (69,0) (70,0) (71,0) (890,13) (885,16) (894,19) (833,14) (805,10) (852,15) (872,20) (845,23) (816,8) (881,17) (878,8) (848,13) (810,16) (841,12) (866,13) (896,21) 
(72,0) (73,0) (74,0) (75,0) (76,0) (77,0) (78,0) (79,0) (896,8) (803,15) (888,18) (842,14) (856,16) (886,18) (824,22) (884,21) (873,23) (807,12) (830,18) (861,8) (825,17) (813,13) (814,17) (854,20) 
(80,0) (81,0) (82,0) (83,0) (84,0) (85,0) (86,0) (87,0) (872,10) (862,17) (833,21) (823,19) (851,18) (896,20) (837,12) (800,19) (808,20) (881,13) (812,10) (842,10) (819,14) (899,16) (850,15) (847,10) 
(88,0) (89,0) (90,0) (91,0) (92,0) (93,0) (94,0) (95,0) (803,21) (835,14) (881,19) (872,8) (867,12) (827,10) (822,13) (871,16) (832,14) (830,9) (818,14) (880,8) (801,15) (836,15) (841,20) (868,19) 
(96,0) (97,0) (98,0) (99,0) (100,0) (101,0) (102,0) (103,0) (880,22) (865,18) (810,18) (834,20) (831,22) (838,11) (871,23) (844,10) (895,10) (874,16) (867,16) (805,22) (839,10) (878,17) (891,21) (829,12) 
(104,0) (105,0) (106,0) (107,0) (108,0) (109,0) (110,0) (111,0) (831,16) (823,20) (847,19) (849,19) (889,16) (809,21) (891,15) (824,11) (805,19) (872,12) (845,8) (874,15) (838,13) (899,13) (890,21) (884,23) 
(112,0) (113,0) (114,0) (115,0) (116,0) (117,0) (118,0) (119,0) (873,14) (853,16) (850,8) (876,19) (896,9) (849,21) (817,15) (851,22) (885,12) (809,22) (855,8) (877,23) (882,11) (899,11) (863,13) (872,22) 
(120,0) (121,0) (122,0) (123,0) (124,0) (125,0) (126,0) (127,0) (871,11) (855,14) (863,17) (854,23) (877,14) (889,15) (848,19) (883,8) (831,20) (858,11) (819,15) (881,16) (859,15) (838,19) (898,14) (894,9) 
(128,0) (129,0) (130,0) (131,0) (132,0) (133,0) (134,0) (135,0) (808,16) (884,18) (825,19) (864,13) (854,11) (896,11) (890,23) (846,19) (881,23) (835,11) (887,23) (818,10) (878,14) (807,10) (859,8) (844,18) 
(136,0) (137,0) (138,0) (139,0) (140,0) (141,0) (142,0) (143,0) (852,22) (845,10) (878,10) (891,16) (849,10) (865,11) (858,23) (814,14) (840,14) (851,21) (855,18) (860,10) (871,17) (838,14) (824,8) (895,13) 
(144,0) (145,0) (146,0) (147,0) (148,0) (149,0) (150,0) (151,0) (885,23) (842,20) (816,19) (881,14) (868,10) (846,14) (811,18) (803,12) (864,21) (807,23) (849,12) (861,23) (827,19) (831,10) (889,20) (839,23) 
(152,0) (153,0) (154,0) (155,0) (156,0) (157,0) (158,0) (159,0) (890,20) (802,10) (839,9) (848,12) (879,9) (843,16) (810,20) (815,18) (889,11) (800,8) (807,18) (838,8) (831,13) (841,19) (883,17) (882,10) 
(160,0) (161,0) (162,0) (163,0) (164,0) (165,0) (166,0) (167,0) (878,16) (831,9) (836,13) (847,23) (881,18) (848,23) (875,15) (882,20) (885,18) (829,11) (892,17) (862,23) (826,13) (840,23) (842,16) (835,22) 
(168,0) (169,0) (170,0) (171,0) (172,0) (173,0) (174,0) (175,0) (864,23) (804,19) (845,19) (844,8) (825,13) (889,10) (868,23) (839,18) (803,23) (874,12) (807,9) (896,13) (879,16) (830,8) (869,12) (832,13) 
(176,0) (177,0) (178,0) (179,0) (180,0) (181,0) (182,0) (183,0) (855,15) (824,9) (807,16) (873,18) (883,20) (811,14) (851,13) (854,13) (829,22) (884,22) (840,16) (832,23) (872,18) (857,19) (830,19) (866,18) 
(184,0) (185,0) (186,0) (187,0) (188,0) (189,0) (190,0) (191,0) (877,9) (848,11) (890,10) (832,19) (831,11) (889,19) (855,21) (830,23) (886,11) (841,23) (881,22) (810,11) (813,9) (844,13) (873,12) (894,18) 
(192,0) (193,0) (194,0) (195,0) (196,0) (197,0) (198,0) (199,0) (817,22) (822,9) (828,22) (813,15) (855,11) (870,20) (888,12) (826,10) (893,13) (883,13) (894,11) (835,19) (836,14) (877,17) (809,14) (862,13) 
(200,0) (201,0) (202,0) (203,0) (204,0) (205,0) (206,0) (207,0) (871,15) (899,23) (840,22) (885,8) (895,19) (821,12) (866,21) (873,20) (892,11) (809,20) (870,18) (816,10) (803,9) (878,19) (852,18) (887,12) 
(208,0) (209,0) (210,0) (211,0) (212,0) (213,0) (214,0) (215,0) (893,15) (840,20) (824,15) (870,19) (881,10) (820,20) (806,9) (852,8) (801,13) (864,9) (828,12) (859,9) (804,17) (827,16) (807,8) (877,15) 
(216,0) (217,0) (218,0) (219,0) (220,0) (221,0) (222,0) (223,0) (895,12) (871,12) (811,13) (886,21) (828,8) (832,17) (830,21) (800,20) (826,21) (869,9) (887,8) (818,20) (860,22) (836,20) (849,18) (806,10) 
(224,0) (225,0) (226,0) (227,0) (228,0) (229,0) (230,0) (231,0) (827,12) (866,23) (874,21) (849,16) (826,18) (870,17) (855,10) (800,10) (897,16) (862,15) (835,23) (880,18) (869,10) (804,15) (824,10) (838,18) 
(232,0) (233,0) (234,0) (235,0) (236,0) (237,0) (238,0) (239,0) (886,22) (834,16) (843,8) (820,17) (812,23) (800,23) (888,15) (862,22) (802,17) (870,22) (857,12) (868,15) (855,16) (876,18) (822,16) (881,21) 
(240,0) (241,0) (242,0) (243,0) (244,0) (245,0) (246,0) (247,0) (821,21) (811,17) (805,20) (842,11) (890,8) (878,15) (859,21) (857,14) (833,8) (802,9) (809,18) (822,22) (899,18) (827,14) (840,18) (823,15) 
(248,0) (249,0) (250,0) (251,0) (252,0) (253,0) (254,0) (255,0) (857,23) (820,9) (818,21) (823,12) (846,17) (819,20) (882,8) (889,14) (813,8) (834,9) (879,23) (885,10) (815,16) (856,12) (812,12) (866,20) 
(256,0) (257,0) (258,0) (259,0) (260,0) (261,0) (262,0) (263,0) (861,12) (885,19) (837,9) (866,10) (890,15) (821,23) (811,16) (892,13) (850,13) (827,13) (899,14) (823,11) (876,12) (838,10) (839,15) (822,19) 
(264,0) (265,0) (266,0) (267,0) (268,0) (269,0) (270,0) (271,0) (830,16) (897,20) (899,15) (865,12) (804,18) (888,13) (808,11) (886,9) (805,15) (893,8) (801,18) (856,14) (851,9) (810,10) (891,11) (841,14) 
(272,0) (273,0) (274,0) (275,0) (276,0) (277,0) (278,0) (279,0) (802,12) (831,17) (882,14) (859,11) (854,14) (839,17) (877,19) (862,18) (829,9) (801,16) (873,13) (874,19) (812,11) (804,13) (803,10) (872,23) 
(280,0) (281,0) (282,0) (283,0) (284,0) (285,0) (286,0) (287,0) (867,17) (846,9) (844,9) (816,17) (880,15) (869,21) (811,9) (862,10) (864,18) (899,17) (898,18) (824,19) (861,22) (836,17) (820,23) (828,18) 
(288,0) (289,0) (290,0) (291,0) (292,0) (293,0) (294,0) (295,0) (850,21) (880,21) (878,21) (866,12) (862,12) (820,10) (824,20) (811,21) (848,17) (835,21) (882,21) (885,13) (827,21) (861,20) (800,14) (870,16) 
(296,0) (297,0) (298,0) (299,0) (300,0) (301,0) (302,0) (303,0) (886,20) (832,10) (857,20) (867,18) (810,14) (855,19) (860,17) (838,23) (847,22) (874,9) (843,21) (848,9) (898,13) (888,20) (889,8) (893,12) 
(304,0) (305,0) (306,0) (307,0) (308,0) (309,0) (310,0) (311,0) (819,19) (889,22) (832,21) (812,13) (898,9) (813,20) (817,21) (884,9) (847,12) (842,21) (828,23) (815,21) (886,10) (853,11) (840,9) (837,15) 
(312,0) (313,0) (314,0) (315,0) (316,0) (317,0) (318,0) (319,0) (889,9) (819,10) (812,20) (891,9) (858,13) (886,16) (895,15) (832,22) (893,14) (834,13) (821,15) (840,12) (856,18) (897,12) (871,19) (818,23) 
(320,0) (321,0) (322,0) (323,0) (324,0) (325,0) (326,0) (327,0) (864,8) (838,22) (876,23) (860,15) (839,19) (856,10) (817,16) (861,16) (822,18) (897,17) (830,22) (877,22) (826,9) (846,23) (825,10) (820,21) 
(328,0) (329,0) (330,0) (331,0) (332,0) (333,0) (334,0) (335,0) (879,8) (851,8) (846,8) (859,13) (808,21) (869,13) (833,23) (884,17) (887,9) (849,13) (847,15) (819,21) (811,22) (864,12) (856,9) (823,17) 
(336,0) (337,0) (338,0) (339,0) (340,0) (341,0) (342,0) (343,0) (884,15) (875,20) (810,19) (830,11) (897,23) (879,10) (809,11) (862,11) (820,22) (881,8) (844,17) (868,18) (818,9) (838,17) (865,14) (806,21) 
(344,0) (345,0) (346,0) (347,0) (348,0) (349,0) (350,0) (351,0) (829,10) (864,19) (860,9) (888,16) (845,16) (874,23) (898,8) (851,19) (819,13) (855,9) (879,12) (848,22) (877,11) (837,18) (891,19) (847,13) 
(352,0) (353,0) (354,0) (355,0) (356,0) (357,0) (358,0) (359,0) (821,11) (835,10) (812,15) (864,17) (854,12) (823,21) (887,10) (875,18) (848,21) (842,18) (816,23) (802,22) (892,12) (874,8) (851,16) (856,19) 
(360,0) (361,0) (362,0) (363,0) (364,0) (365,0) (366,0) (367,0) (813,18) (863,15) (817,9) (870,15) (854,9) (867,20) (850,18) (875,11) (843,12) (857,10) (880,20) (821,10) (801,17) (851,15) (894,8) (808,15) 
(368,0) (369,0) (370,0) (371,0) (372,0) (373,0) (374,0) (375,0) (841,10) (835,9) (806,18) (893,23) (803,19) (868,17) (818,13) (849,11) (880,23) (831,12) (870,13) (816,15) (858,8) (897,8) (875,8) (840,21) 
(376,0) (377,0) (378,0) (379,0) (380,0) (381,0) (382,0) (383,0) (893,19) (854,10) (810,23) (894,15) (838,16) (843,23) (880,16) (841,18) (868,8) (802,15) (853,20) (813,10) (877,21) (849,17) (837,16) (820,11) 
(384,0) (385,0) (386,0) (387,0) (388,0) (389,0) (390,0) (391,0) (851,17) (837,19) (856,21) (823,9) (819,11) (808,19) (873,19) (867,15) (883,16) (836,16) (897,13) (815,14) (805,8) (844,16) (843,19) (820,13) 
(392,0) (393,0) (394,0) (395,0) (396,0) (397,0) (398,0) (399,0) (871,22) (852,11) (817,12) (846,15) (818,18) (841,17) (898,16) (803,22) (828,11) (847,21) (827,22) (813,11) (879,17) (814,13) (854,18) (887,17) 
(400,0) (401,0) (402,0) (403,0) (404,0) (405,0) (406,0) (407,0) (814,10) (807,15) (877,20) (871,9) (853,14) (832,16) (895,9) (810,22) (854,15) (892,15) (845,14) (898,11) (801,14) (836,8) (865,22) (806,22) 
(408,0) (409,0) (410,0) (411,0) (412,0) (413,0) (414,0) (415,0) (841,9) (833,20) (889,21) (892,16) (898,10) (822,14) (852,9) (845,21) (844,22) (848,8) (810,12) (843,15) (894,16) (817,17) (814,15) (806,19) 
(416,0) (417,0) (418,0) (419,0) (420,0) (421,0) (422,0) (423,0) (826,15) (851,14) (863,19) (849,9) (888,9) (890,17) (868,9) (808,13) (856,23) (882,19) (825,22) (871,20) (899,10) (881,12) (817,8) (857,18) 
(424,0) (425,0) (426,0) (427,0) (428,0) (429,0) (430,0) (431,0) (862,9) (805,17) (869,18) (838,21) (877,8) (855,17) (850,12) (806,12) (814,9) (865,10) (875,23) (896,19) (847,18) (888,10) (859,22) (899,19) 
(432,0) (433,0) (434,0) (435,0) (436,0) (437,0) (438,0) (439,0) (866,15) (845,12) (847,9) (816,12) (844,12) (822,15) (834,12) (850,16) (877,18) (891,10) (849,22) (803,14) (809,23) (868,13) (886,8) (815,11) 
(440,0) (441,0) (442,0) (443,0) (444,0) (445,0) (446,0) (447,0) (814,18) (843,17) (828,14) (824,12) (877,13) (861,17) (815,9) (822,8) (829,20) (853,13) (817,18) (837,13) (886,12) (823,14) (891,18) (875,12) 
(448,0) (449,0) (450,0) (451,0) (452,0) (453,0) (454,0) (455,0) (885,21) (841,22) (840,13) (884,10) (831,21) (894,23) (833,19) (896,12) (809,12) (892,23) (839,20) (844,23) (869,11) (848,10) (882,18) (852,16) 
(456,0) (457,0) (458,0) (459,0) (460,0) (461,0) (462,0) (463,0) (887,16) (870,21) (845,17) (897,14) (829,18) (892,9) (830,15) (885,17) (859,18) (890,16) (852,23) (822,21) (837,10) (864,16) (873,21) (831,8) 
(464,0) (465,0) (466,0) (467,0) (468,0) (469,0) (470,0) (471,0) (846,20) (865,20) (869,14) (815,17) (890,14) (839,12) (883,22) (880,12) (896,22) (879,22) (866,17) (897,18) (868,14) (859,10) (882,9) (817,14) 
(472,0) (473,0) (474,0) (475,0) (476,0) (477,0) (478,0) (479,0) (816,22) (826,19) (858,21) (834,11) (801,23) (841,11) (888,11) (815,20) (875,22) (800,21) (857,16) (802,21) (873,11) (830,14) (853,22) (880,19) 
(480,0) (481,0) (482,0) (483,0) (484,0) (485,0) (486,0) (487,0) (887,15) (843,10) (817,19) (867,9) (874,13) (880,17) (866,11) (840,11) (863,21) (837,14) (876,13) (868,22) (879,11) (889,12) (827,20) (899,9) 
(488,0) (489,0) (490,0) (491,0) (492,0) (493,0) (494,0) (495,0) (809,19) (884,19) (881,11) (882,16) (832,8) (801,9) (891,22) (886,13) (840,15) (855,13) (805,12) (894,21) (836,21) (885,20) (835,20) (818,19) 
(496,0) (497,0) (498,0) (499,0) (500,0) (501,0) (502,0) (503,0) (896,15) (853,8) (835,15) (842,15) (836,12) (824,23) (807,19) (828,17) (806,8) (810,9) (834,15) (881,15) (895,20) (867,22) (829,15) (820,19) 
(504,0) (505,0) (506,0) (507,0) (508,0) (509,0) (510,0) (511,0) (800,22) (894,10) (883,21) (874,18) (881,20) (814,22) (873,15) (845,9) (882,17) (815,10) (875,17) (852,10) (878,20) (860,16) (876,15) (899,8) 
(512,0) (513,0) (514,0) (515,0) (516,0) (517,0) (518,0) (519,0) (840,8) (826,17) (804,11) (878,22) (841,21) (816,11) (802,14) (890,12) (857,21) (844,11) (835,16) (843,9) (885,15) (818,16) (884,11) (821,8) 
(520,0) (521,0) (522,0) (523,0) (524,0) (525,0) (526,0) (527,0) (897,11) (876,8) (853,17) (817,13) (833,11) (869,8) (842,22) (873,17) (880,9) (896,17) (812,9) (891,23) (858,9) (870,8) (850,22) (888,22) 
(528,0) (529,0) (530,0) (531,0) (532,0) (533,0) (534,0) (535,0) (879,15) (887,14) (832,11) (860,14) (836,11) (808,22) (892,20) (854,8) (896,14) (858,18) (822,23) (803,17) (831,23) (825,14) (895,14) (828,9) 
(536,0) (537,0) (538,0) (539,0) (540,0) (541,0) (542,0) (543,0) (884,12) (860,11) (874,20) (804,20) (811,12) (807,11) (877,12) (848,15) (812,18) (835,8) (837,11) (880,13) (845,13) (876,16) (862,21) (890,9) 
(544,0) (545,0) (546,0) (547,0) (548,0) (549,0) (550,0) (551,0) (847,16) (852,14) (818,12) (883,10) (872,17) (854,21) (858,20) (829,19) (874,14) (846,13) (842,19) (811,23) (804,14) (897,22) (860,19) (821,14) 
(552,0) (553,0) (554,0) (555,0) (556,0) (557,0) (558,0) (559,0) (865,13) (827,17) (828,20) (856,20) (821,22) (841,13) (858,10) (803,13) (891,17) (802,18) (853,10) (807,13) (888,14) (835,13) (889,17) (887,19) 
(560,0) (561,0) (562,0) (563,0) (564,0) (565,0) (566,0) (567,0) (865,21) (878,12) (882,15) (897,9) (875,10) (846,18) (885,9) (845,11) (836,23) (828,13) (825,18) (826,11) (824,13) (857,9) (829,17) (801,11) 
(568,0) (569,0) (570,0) (571,0) (572,0) (573,0) (574,0) (575,0) (878,18) (850,11) (894,17) (815,8) (827,9) (874,22) (886,23) (825,8) (811,15) (817,20) (802,23) (839,22) (852,19) (879,21) (849,8) (812,14) 
(576,0) (577,0) (578,0) (579,0) (580,0) (581,0) (582,0) (583,0) (811,11) (891,13) (810,8) (895,23) (813,17) (888,21) (894,20) (896,10) (807,20) (868,12) (822,20) (800,16) (808,14) (885,11) (814,23) (834,23) 
(584,0) (585,0) (586,0) (587,0) (588,0) (589,0) (590,0) (591,0) (888,19) (879,20) (883,12) (859,20) (823,22) (834,18) (814,8) (863,14) (887,13) (865,15) (822,11) (848,14) (825,15) (857,22) (889,23) (809,16) 
(592,0) (593,0) (594,0) (595,0) (596,0) (597,0) (598,0) (599,0) (844,21) (837,17) (801,20) (878,23) (821,17) (860,12) (868,16) (813,19) (812,17) (882,23) (863,11) (834,19) (867,10) (828,10) (871,13) (843,13) 
(600,0) (601,0) (602,0) (603,0) (604,0) (605,0) (606,0) (607,0) (846,22) (891,8) (870,12) (845,15) (855,23) (899,20) (890,19) (820,14) (886,15) (863,18) (844,15) (898,20) (842,9) (893,20) (859,16) (853,18) 
(608,0) (609,0) (610,0) (611,0) (612,0) (613,0) (614,0) (615,0) (865,9) (895,11) (883,23) (802,19) (832,20) (860,18) (886,14) (863,22) (867,21) (879,13) (829,21) (814,11) (804,12) (803,11) (898,17) (840,10) 
(616,0) (617,0) (618,0) (619,0) (620,0) (621,0) (622,0) (623,0) (853,12) (823,8) (807,14) (843,20) (867,14) (855,12) (815,12) (826,23) (892,21) (824,21) (854,16) (834,14) (850,10) (847,20) (840,19) (814,19) 
(624,0) (625,0) (626,0) (627,0) (628,0) (629,0) (630,0) (631,0) (808,18) (803,16) (817,10) (894,12) (870,9) (805,18) (816,20) (830,13) (820,8) (812,21) (871,8) (825,21) (863,20) (836,10) (864,11) (874,11) 
(632,0) (633,0) (634,0) (635,0) (636,0) (637,0) (638,0) (639,0) (841,8) (819,12) (842,13) (860,20) (843,18) (876,17) (887,20) (866,8) (821,20) (849,20) (802,13) (891,20) (873,9) (871,21) (858,17) (831,18) 
(640,0) (641,0) (642,0) (643,0) (644,0) (645,0) (646,0) (647,0) (811,19) (865,16) (804,10) (806,15) (858,15) (867,19) (892,8) (835,12) (847,14) (860,13) (828,19) (859,23) (845,18) (836,9) (812,8) (846,16) 
(648,0) (649,0) (650,0) (651,0) (652,0) (653,0) (654,0) (655,0) (842,17) (807,21) (826,12) (861,10) (852,21) (810,17) (818,11) (862,19) (815,19) (808,17) (820,12) (811,10) (863,12) (829,23) (823,18) (816,16) 
(656,0) (657,0) (658,0) (659,0) (660,0) (661,0) (662,0) (663,0) (831,14) (858,22) (819,23) (814,20) (800,13) (894,22) (834,10) (870,10) (861,11) (863,16) (856,22) (852,17) (820,15) (836,18) (883,9) (874,17) 
(664,0) (665,0) (666,0) (667,0) (668,0) (669,0) (670,0) (671,0) (815,15) (882,22) (868,11) (800,12) (873,10) (824,17) (897,15) (802,11) (848,16) (819,22) (884,16) (804,23) (822,12) (863,10) (858,14) (876,10) 
(672,0) (673,0) (674,0) (675,0) (676,0) (677,0) (678,0) (679,0) (802,16) (838,15) (856,11) (864,22) (867,8) (887,18) (893,10) (842,8) (883,18) (841,15) (816,9) (861,9) (806,14) (809,15) (822,17) (813,23) 
(680,0) (681,0) (682,0) (683,0) (684,0) (685,0) (686,0) (687,0) (825,11) (870,14) (831,19) (872,21) (814,16) (836,19) (804,9) (864,20) (808,9) (857,15) (820,16) (832,9) (861,21) (856,8) (892,14) (818,8) 
(688,0) (689,0) (690,0) (691,0) (692,0) (693,0) (694,0) (695,0) (854,22) (833,15) (838,20) (823,16) (855,20) (861,15) (876,14) (875,16) (839,13) (802,8) (809,13) (804,22) (837,8) (827,11) (829,8) (871,14) 
(696,0) (697,0) (698,0) (699,0) (700,0) (701,0) (702,0) (703,0) (827,18) (841,16) (844,14) (805,14) (825,23) (873,16) (866,9) (860,8) (857,8) (849,23) (884,13) (869,23) (879,14) (807,22) (806,16) (816,18) 
(704,0) (705,0) (706,0) (707,0) (708,0) (709,0) (710,0) (711,0) (893,17) (852,12) (853,21) (859,14) (824,14) (833,13) (869,20) (829,14) (843,11) (890,22) (809,10) (873,8) (837,21) (872,13) (865,23) (805,13) 
(712,0) (713,0) (714,0) (715,0) (716,0) (717,0) (718,0) (719,0) (837,22) (839,8) (821,13) (819,16) (860,21) (893,16) (831,15) (815,13) (813,12) (869,22) (898,12) (823,13) (818,22) (851,10) (838,9) (873,22) 
(720,0) (721,0) (722,0) (723,0) (724,0) (725,0) (726,0) (727,0) (830,12) (867,23) (823,10) (806,20) (864,15) (808,8) (858,12) (832,12) (857,17) (852,13) (893,21) (875,14) (819,8) (813,22) (888,17) (816,14) 
(728,0) (729,0) (730,0) (731,0) (732,0) (733,0) (734,0) (735,0) (875,9) (839,11) (854,17) (833,22) (801,12) (872,9) (806,13) (813,14) (817,11) (869,16) (855,22) (843,22) (879,19) (812,22) (861,14) (865,19) 
(736,0) (737,0) (738,0) (739,0) (740,0) (741,0) (742,0) (743,0) (880,14) (857,13) (893,9) (825,16) (844,20) (832,15) (885,22) (850,17) (851,11) (820,18) (896,18) (805,16) (866,14) (877,16) (800,18) (856,17) 
(744,0) (745,0) (746,0) (747,0) (748,0) (749,0) (750,0) (751,0) (833,17) (892,10) (884,14) (801,19) (837,23) (824,16) (839,16) (826,8) (889,13) (888,8) (895,22) (847,8) (875,21) (890,18) (899,21) (846,11) 
(752,0) (753,0) (754,0) (755,0) (756,0) (757,0) (758,0) (759,0) (845,22) (815,23) (863,9) (824,18) (878,11) (805,11) (896,23) (847,11) (851,20) (871,10) (823,23) (808,10) (872,14) (861,19) (882,13) (856,13) 
(760,0) (761,0) (762,0) (763,0) (764,0) (765,0) (766,0) (767,0) (897,10) (850,14) (812,16) (876,9) (827,8) (817,23) (866,22) (839,14) (898,15) (800,11) (801,8) (825,12) (862,20) (806,23) (893,18) (872,11) 
(768,0) (769,0) (770,0) (771,0) (772,0) (773,0) (774,0) (775,0) (809,8) (814,12) (872,15) (816,13) (856,15) (821,19) (866,16) (862,8) (898,22) (865,17) (892,18) (853,19) (810,13) (808,23) (858,16) (894,14) 
(776,0) (777,0) (778,0) (779,0) (780,0) (781,0) (782,0) (783,0) (846,21) (870,11) (895,8) (865,8) (839,21) (848,18) (857,11) (883,14) (828,16) (840,17) (858,19) (899,22) (833,9) (804,21) (868,21) (842,12) 
(784,0) (785,0) (786,0) (787,0) (788,0) (789,0) (790,0) (791,0) (843,14) (838,12) (851,12) (850,19) (889,18) (837,20) (815,22) (895,16) (849,14) (876,22) (835,18) (805,23) (875,19) (-1,-1) (896,16) (-1,-1) 
(792,0) (793,0) (794,0) (795,0) (796,0) (797,0) (798,0) (799,0) (863,23) (860,23) (852,20) (814,21) (804,8) (813,21) (832,18) (833,10) (810,21) (835,17) (830,20) (853,23) (875,13) (893,22) (897,19) (825,9) 
