1 101 102 
2 101 102 
3 103 104 
4 103 104 
5 105 106 
6 105 106 
7 107 108 
8 107 108 
9 109 110 
10 109 110 
11 111 112 
12 111 112 
13 113 114 
14 113 114 
15 115 116 
16 115 116 
17 117 118 
18 117 118 
19 119 120 
20 119 120 
21 121 122 
22 121 122 
23 123 124 
24 123 124 
25 125 126 
26 125 126 
27 127 128 
28 127 128 
29 129 130 
30 129 130 
31 131 132 
32 131 132 
33 133 134 
34 133 134 
35 135 136 
36 135 136 
37 137 138 
38 137 138 
39 139 140 
40 139 140 
41 141 142 
42 141 142 
43 143 144 
44 143 144 
45 145 146 
46 145 146 
47 147 148 
48 147 148 
49 149 150 
50 149 150 
51 151 152 
52 151 152 
53 153 154 
54 153 154 
55 155 156 
56 155 156 
57 157 158 
58 157 158 
59 159 160 
60 159 160 
61 161 162 
62 161 162 
63 163 164 
64 163 164 
65 165 166 
66 165 166 
67 167 168 
68 167 168 
69 169 170 
70 169 170 
71 171 172 
72 171 172 
73 173 174 
74 173 174 
75 175 176 
76 175 176 
77 177 178 
78 177 178 
79 179 180 
80 179 180 
81 181 182 
82 181 182 
83 183 184 
84 183 184 
85 185 186 
86 185 186 
87 187 188 
88 187 188 
89 189 190 
90 189 190 
91 191 192 
92 191 192 
93 193 194 
94 193 194 
95 195 196 
96 195 196 
97 197 198 
98 197 198 
99 199 200 
100 199 200 
101 1 2 115 103 147 
102 1 2 178 162 156 
103 3 4 107 129 101 
104 3 4 142 168 200 
105 5 6 117 163 125 
106 5 6 126 134 122 
107 7 8 171 159 103 
108 7 8 112 130 126 
109 9 10 155 197 149 
110 9 10 192 134 140 
111 11 12 173 131 139 
112 11 12 108 178 174 
113 13 14 133 149 153 
114 13 14 124 192 142 
115 15 16 185 135 101 
116 15 16 188 172 160 
117 17 18 189 191 105 
118 17 18 152 122 186 
119 19 20 161 179 183 
120 19 20 166 
121 21 22 185 159 123 
122 21 22 188 118 106 
123 23 24 141 169 121 
124 23 24 154 190 114 
125 25 26 129 147 105 
126 25 26 108 106 194 
127 27 28 133 167 141 
128 27 28 176 152 196 
129 29 30 151 103 125 
130 29 30 174 108 188 
131 31 32 193 111 143 
132 31 32 182 170 198 
133 33 34 113 127 159 
134 33 34 110 138 106 
135 35 36 153 177 115 
136 35 36 156 168 182 
137 37 38 197 139 141 
138 37 38 160 134 148 
139 39 40 137 193 111 
140 39 40 150 200 110 
141 41 42 137 127 123 
142 41 42 180 104 114 
143 43 44 131 183 195 
144 43 44 146 170 184 
145 45 46 173 199 165 
146 45 46 166 144 168 
147 47 48 125 175 101 
148 47 48 138 190 162 
149 49 50 109 113 189 
150 49 50 184 140 196 
151 51 52 181 129 197 
152 51 52 128 118 154 
153 53 54 191 135 113 
154 53 54 124 156 152 
155 55 56 109 165 167 
156 55 56 154 136 102 
157 57 58 181 169 187 
158 57 58 178 186 172 
159 59 60 133 107 121 
160 59 60 194 138 116 
161 61 62 119 177 163 
162 61 62 170 148 102 
163 63 64 199 161 105 
164 63 64 176 166 184 
165 65 66 155 145 183 
166 65 66 120 146 164 
167 67 68 187 155 127 
168 67 68 136 146 104 
169 69 70 175 123 157 
170 69 70 132 144 162 
171 71 72 193 195 107 
172 71 72 158 116 180 
173 73 74 111 195 145 
174 73 74 130 192 112 
175 75 76 147 185 169 
176 75 76 164 128 200 
177 77 78 161 135 189 
178 77 78 158 112 102 
179 79 80 187 119 199 
180 79 80 142 196 172 
181 81 82 191 151 157 
182 81 82 194 136 132 
183 83 84 119 165 143 
184 83 84 150 164 144 
185 85 86 115 175 121 
186 85 86 198 158 118 
187 87 88 167 179 157 
188 87 88 122 130 116 
189 89 90 117 177 149 
190 89 90 124 198 148 
191 91 92 181 117 153 
192 91 92 114 110 174 
193 93 94 171 139 131 
194 93 94 126 182 160 
195 95 96 143 173 171 
196 95 96 180 128 150 
197 97 98 137 109 151 
198 97 98 190 186 132 
199 99 100 163 179 145 
200 99 100 176 140 104 
