1 101 
2 102 
3 103 
4 104 
5 105 
6 106 
7 107 
8 108 
9 109 
10 110 
11 111 
12 112 
13 113 
14 114 
15 115 
16 116 
17 117 
18 118 
19 119 
20 120 
21 121 
22 122 
23 123 
24 124 
25 125 
26 126 
27 127 
28 128 
29 129 
30 130 
31 131 
32 132 
33 133 
34 134 
35 135 
36 136 
37 137 
38 138 
39 139 
40 140 
41 141 
42 142 
43 143 
44 144 
45 145 
46 146 
47 147 
48 148 
49 149 
50 150 
51 151 
52 152 
53 153 
54 154 
55 155 
56 156 
57 157 
58 158 
59 159 
60 160 
61 161 
62 162 
63 163 
64 164 
65 165 
66 166 
67 167 
68 168 
69 169 
70 170 
71 171 
72 172 
73 173 
74 174 
75 175 
76 176 
77 177 
78 178 
79 179 
80 180 
81 181 
82 182 
83 183 
84 184 
85 185 
86 186 
87 187 
88 188 
89 189 
90 190 
91 191 
92 192 
93 193 
94 194 
95 195 
96 196 
97 197 
98 198 
99 199 
100 200 
101 1 137 108 145 136 112 
102 2 152 141 120 156 133 
103 3 162 183 127 114 173 
104 4 199 140 177 138 130 
105 5 169 158 175 136 126 
106 6 164 159 118 126 149 
107 7 197 169 174 114 133 
108 8 177 184 132 159 101 
109 9 138 181 118 165 170 
110 10 199 121 142 124 195 
111 11 155 114 169 134 163 
112 12 101 125 184 157 195 
113 13 175 142 115 180 145 
114 14 187 103 111 131 107 
115 15 144 113 143 190 191 
116 16 164 135 190 147 185 
117 17 149 119 157 177 140 
118 18 181 151 106 109 193 
119 19 137 160 117 194 199 
120 20 191 102 173 160 146 
121 21 198 110 131 145 166 
122 22 175 179 161 187 125 
123 23 198 133 170 152 193 
124 24 110 152 161 132 126 
125 25 112 130 122 190 135 
126 26 179 124 106 105 153 
127 27 171 130 157 103 200 
128 28 159 178 173 143 146 
129 29 184 172 190 174 170 
130 30 127 104 134 125 167 
131 31 121 148 114 176 189 
132 32 108 124 184 144 151 
133 33 182 102 107 123 165 
134 34 180 161 130 111 186 
135 35 176 125 116 185 162 
136 36 175 147 180 105 101 
137 37 189 176 119 101 173 
138 38 109 188 152 195 104 
139 39 166 143 172 197 147 
140 40 104 157 158 141 117 
141 41 149 140 181 178 102 
142 42 150 113 110 198 186 
143 43 139 115 128 147 144 
144 44 143 132 166 167 115 
145 45 121 101 156 113 192 
146 46 150 163 128 120 184 
147 47 158 136 143 139 116 
148 48 149 131 179 197 154 
149 49 141 117 200 106 148 
150 50 142 162 194 188 146 
151 51 132 118 200 156 174 
152 52 124 123 192 138 102 
153 53 155 182 190 178 126 
154 54 195 148 178 194 159 
155 55 161 111 174 153 181 
156 56 186 151 145 102 171 
157 57 185 127 112 117 140 
158 58 147 105 140 168 191 
159 59 128 195 154 106 108 
160 60 120 177 188 194 119 
161 61 124 166 155 134 122 
162 62 103 196 135 150 199 
163 63 200 187 111 196 146 
164 64 106 197 116 165 192 
165 65 182 172 109 133 164 
166 66 144 172 121 139 161 
167 67 176 200 144 130 193 
168 68 192 158 171 199 180 
169 69 111 174 107 105 188 
170 70 123 185 180 129 109 
171 71 156 196 168 192 127 
172 72 185 166 165 139 129 
173 73 103 183 128 137 120 
174 74 155 151 129 169 107 
175 75 122 189 105 136 113 
176 76 191 131 137 135 167 
177 77 108 198 117 104 160 
178 78 128 189 153 141 154 
179 79 126 183 122 196 148 
180 80 134 168 113 170 136 
181 81 189 155 141 109 118 
182 82 197 133 165 188 153 
183 83 173 103 187 179 193 
184 84 108 132 112 129 146 
185 85 135 170 157 116 172 
186 86 194 156 198 142 134 
187 87 114 122 191 163 183 
188 88 150 160 169 182 138 
189 89 131 181 175 137 178 
190 90 116 115 125 153 129 
191 91 187 115 158 120 176 
192 92 168 145 164 171 152 
193 93 183 123 118 196 167 
194 94 160 186 154 119 150 
195 95 154 112 138 159 110 
196 96 163 193 179 171 162 
197 97 107 139 148 164 182 
198 98 121 142 123 186 177 
199 99 119 110 162 104 168 
200 100 167 127 149 163 151 
