1 101 102 
2 101 102 
3 103 104 
4 103 104 
5 105 106 
6 105 106 
7 107 108 
8 107 108 
9 109 110 
10 109 110 
11 111 112 
12 111 112 
13 113 114 
14 113 114 
15 115 116 
16 115 116 
17 117 118 
18 117 118 
19 119 120 
20 119 120 
21 121 122 
22 121 122 
23 123 124 
24 123 124 
25 125 126 
26 125 126 
27 127 128 
28 127 128 
29 129 130 
30 129 130 
31 131 132 
32 131 132 
33 133 134 
34 133 134 
35 135 136 
36 135 136 
37 137 138 
38 137 138 
39 139 140 
40 139 140 
41 141 142 
42 141 142 
43 143 144 
44 143 144 
45 145 146 
46 145 146 
47 147 148 
48 147 148 
49 149 150 
50 149 150 
51 151 152 
52 151 152 
53 153 154 
54 153 154 
55 155 156 
56 155 156 
57 157 158 
58 157 158 
59 159 160 
60 159 160 
61 161 162 
62 161 162 
63 163 164 
64 163 164 
65 165 166 
66 165 166 
67 167 168 
68 167 168 
69 169 170 
70 169 170 
71 171 172 
72 171 172 
73 173 174 
74 173 174 
75 175 176 
76 175 176 
77 177 178 
78 177 178 
79 179 180 
80 179 180 
81 181 182 
82 181 182 
83 183 184 
84 183 184 
85 185 186 
86 185 186 
87 187 188 
88 187 188 
89 189 190 
90 189 190 
91 191 192 
92 191 192 
93 193 194 
94 193 194 
95 195 196 
96 195 196 
97 197 198 
98 197 198 
99 199 200 
100 199 200 
101 1 2 167 103 155 131 
102 1 2 180 184 156 194 
103 3 4 129 101 139 135 
104 3 4 200 132 130 156 
105 5 6 165 145 187 155 
106 5 6 158 188 120 122 
107 7 8 117 121 149 157 
108 7 8 146 124 136 162 
109 9 10 195 175 165 147 
110 9 10 116 144 120 172 
111 11 12 113 171 141 117 
112 11 12 140 174 114 168 
113 13 14 133 121 111 167 
114 13 14 134 112 164 154 
115 15 16 197 151 157 153 
116 15 16 140 110 160 158 
117 17 18 131 107 111 169 
118 17 18 156 142 148 162 
119 19 20 147 197 141 175 
120 19 20 184 110 106 164 
121 21 22 113 191 163 107 
122 21 22 150 106 124 186 
123 23 24 197 175 167 131 
124 23 24 122 108 170 126 
125 25 26 195 173 177 167 
126 25 26 124 138 170 150 
127 27 28 177 169 193 183 
128 27 28 190 136 134 178 
129 29 30 137 103 139 181 
130 29 30 104 152 180 166 
131 31 32 185 117 101 123 
132 31 32 158 144 186 104 
133 33 34 151 113 199 159 
134 33 34 160 114 176 128 
135 35 36 103 147 183 153 
136 35 36 128 156 166 108 
137 37 38 185 187 197 129 
138 37 38 150 126 198 146 
139 39 40 129 151 103 181 
140 39 40 112 116 194 142 
141 41 42 119 143 161 111 
142 41 42 140 118 170 164 
143 43 44 173 141 149 179 
144 43 44 132 190 110 160 
145 45 46 153 183 165 105 
146 45 46 138 190 182 108 
147 47 48 135 119 109 161 
148 47 48 198 196 118 192 
149 49 50 143 187 193 107 
150 49 50 122 174 138 126 
151 51 52 139 115 191 133 
152 51 52 182 192 172 130 
153 53 54 135 145 115 163 
154 53 54 196 114 178 190 
155 55 56 105 171 101 191 
156 55 56 102 118 136 104 
157 57 58 163 115 175 107 
158 57 58 116 168 132 106 
159 59 60 185 193 165 133 
160 59 60 116 174 134 144 
161 61 62 141 181 147 169 
162 61 62 180 176 108 118 
163 63 64 193 157 153 121 
164 63 64 120 142 196 114 
165 65 66 159 105 109 145 
166 65 66 136 200 130 184 
167 67 68 113 125 123 101 
168 67 68 176 182 158 112 
169 69 70 117 161 199 127 
170 69 70 142 126 178 124 
171 71 72 189 155 195 111 
172 71 72 194 110 152 174 
173 73 74 177 181 143 125 
174 73 74 112 172 150 160 
175 75 76 157 109 119 123 
176 75 76 134 198 168 162 
177 77 78 127 125 199 173 
178 77 78 170 128 154 188 
179 79 80 189 143 185 191 
180 79 80 162 188 102 130 
181 81 82 139 129 161 173 
182 81 82 152 168 146 186 
183 83 84 145 189 135 127 
184 83 84 120 166 192 102 
185 85 86 137 159 179 131 
186 85 86 198 182 132 122 
187 87 88 149 199 105 137 
188 87 88 178 196 180 106 
189 89 90 183 179 171 195 
190 89 90 144 154 146 128 
191 91 92 179 121 155 151 
192 91 92 184 152 148 200 
193 93 94 149 127 159 163 
194 93 94 172 200 140 102 
195 95 96 125 189 109 171 
196 95 96 164 148 154 188 
197 97 98 119 123 115 137 
198 97 98 176 148 138 186 
199 99 100 133 187 177 169 
200 99 100 166 104 194 192 
