1 21 22 
2 21 22 
3 23 24 
4 23 24 
5 25 26 
6 25 26 
7 27 28 
8 27 28 
9 29 30 
10 29 30 
11 31 32 
12 31 32 
13 33 34 
14 33 34 
15 35 36 
16 35 36 
17 37 38 
18 37 38 
19 39 40 
20 39 40 
21 1 2 39 33 25 35 
22 1 2 32 34 38 26 
23 3 4 37 27 31 35 
24 3 4 30 36 32 26 
25 5 6 33 21 
26 5 6 24 36 22 28 
27 7 8 23 39 29 35 
28 7 8 26 38 34 32 
29 9 10 33 37 31 27 
30 9 10 36 24 34 38 
31 11 12 39 29 35 23 
32 11 12 34 22 24 28 
33 13 14 21 37 25 29 
34 13 14 32 28 30 22 
35 15 16 23 27 21 31 
36 15 16 24 30 38 26 
37 17 18 33 23 39 29 
38 17 18 22 30 36 28 
39 19 20 37 27 31 21 
40 19 20 
