1 41 42 
2 41 42 
3 43 44 
4 43 44 
5 45 46 
6 45 46 
7 47 48 
8 47 48 
9 49 50 
10 49 50 
11 51 52 
12 51 52 
13 53 54 
14 53 54 
15 55 56 
16 55 56 
17 57 58 
18 57 58 
19 59 60 
20 59 60 
21 61 62 
22 61 62 
23 63 64 
24 63 64 
25 65 66 
26 65 66 
27 67 68 
28 67 68 
29 69 70 
30 69 70 
31 71 72 
32 71 72 
33 73 74 
34 73 74 
35 75 76 
36 75 76 
37 77 78 
38 77 78 
39 79 80 
40 79 80 
41 1 2 43 51 67 65 
42 1 2 52 64 56 60 
43 3 4 77 73 51 41 
44 3 4 64 56 72 46 
45 5 6 53 65 55 47 
46 5 6 44 56 80 62 
47 7 8 69 59 73 45 
48 7 8 64 70 52 78 
49 9 10 69 71 57 75 
50 9 10 76 74 80 78 
51 11 12 79 41 55 43 
52 11 12 54 42 48 74 
53 13 14 77 57 79 45 
54 13 14 52 72 58 68 
55 15 16 57 45 63 51 
56 15 16 44 46 42 70 
57 17 18 53 55 63 49 
58 17 18 60 54 76 66 
59 19 20 47 67 61 75 
60 19 20 58 42 80 68 
61 21 22 79 59 67 75 
62 21 22 64 70 78 46 
63 23 24 65 57 55 77 
64 23 24 48 62 42 44 
65 25 26 63 71 41 45 
66 25 26 58 80 72 76 
67 27 28 41 59 69 61 
68 27 28 54 78 72 60 
69 29 30 73 49 47 67 
70 29 30 48 62 74 56 
71 31 32 79 77 49 65 
72 31 32 66 54 44 68 
73 33 34 75 47 69 43 
74 33 34 52 76 70 50 
75 35 36 49 61 73 59 
76 35 36 66 50 58 74 
77 37 38 53 43 63 71 
78 37 38 62 50 48 68 
79 39 40 53 71 51 61 
80 39 40 60 66 46 50 
